0:0:0:0:0:0:0:1 - - [26/Aug/2025:20:46:16 +0100] "GET / HTTP/1.1" 302 -
0:0:0:0:0:0:0:1 - - [26/Aug/2025:20:46:17 +0100] "GET /login HTTP/1.1" 200 6107
0:0:0:0:0:0:0:1 - - [26/Aug/2025:20:46:17 +0100] "GET /js/sb-admin-2.min.js HTTP/1.1" 200 1265
0:0:0:0:0:0:0:1 - - [26/Aug/2025:20:46:17 +0100] "GET /vendor/jquery-easing/jquery.easing.min.js HTTP/1.1" 200 2532
0:0:0:0:0:0:0:1 - - [26/Aug/2025:20:46:17 +0100] "GET /vendor/fontawesome-free/css/all.min.css HTTP/1.1" 200 59344
0:0:0:0:0:0:0:1 - - [26/Aug/2025:20:46:17 +0100] "GET /vendor/jquery/jquery.min.js HTTP/1.1" 200 89501
0:0:0:0:0:0:0:1 - - [26/Aug/2025:20:46:17 +0100] "GET /vendor/bootstrap/js/bootstrap.bundle.min.js HTTP/1.1" 200 84378
0:0:0:0:0:0:0:1 - - [26/Aug/2025:20:46:17 +0100] "GET /css/sb-admin-2.min.css HTTP/1.1" 200 170737
0:0:0:0:0:0:0:1 - - [26/Aug/2025:20:46:17 +0100] "GET /vendor/fontawesome-free/webfonts/fa-brands-400.woff2 HTTP/1.1" 200 76764
0:0:0:0:0:0:0:1 - - [26/Aug/2025:20:46:18 +0100] "GET /favicon.ico HTTP/1.1" 302 -
0:0:0:0:0:0:0:1 - - [26/Aug/2025:20:46:18 +0100] "GET /login HTTP/1.1" 200 6107
0:0:0:0:0:0:0:1 - - [26/Aug/2025:20:46:23 +0100] "POST /login HTTP/1.1" 302 -
0:0:0:0:0:0:0:1 - - [26/Aug/2025:20:46:23 +0100] "GET /login?error HTTP/1.1" 200 6107
0:0:0:0:0:0:0:1 - - [26/Aug/2025:20:46:23 +0100] "GET /vendor/fontawesome-free/css/all.min.css HTTP/1.1" 200 59344
0:0:0:0:0:0:0:1 - - [26/Aug/2025:20:46:23 +0100] "GET /js/sb-admin-2.min.js HTTP/1.1" 200 1265
0:0:0:0:0:0:0:1 - - [26/Aug/2025:20:46:23 +0100] "GET /vendor/jquery-easing/jquery.easing.min.js HTTP/1.1" 200 2532
0:0:0:0:0:0:0:1 - - [26/Aug/2025:20:46:23 +0100] "GET /vendor/jquery/jquery.min.js HTTP/1.1" 200 89501
0:0:0:0:0:0:0:1 - - [26/Aug/2025:20:46:23 +0100] "GET /vendor/bootstrap/js/bootstrap.bundle.min.js HTTP/1.1" 200 84378
0:0:0:0:0:0:0:1 - - [26/Aug/2025:20:46:23 +0100] "GET /css/sb-admin-2.min.css HTTP/1.1" 200 170737
0:0:0:0:0:0:0:1 - - [26/Aug/2025:20:46:23 +0100] "GET /vendor/fontawesome-free/webfonts/fa-brands-400.woff2 HTTP/1.1" 200 76764
0:0:0:0:0:0:0:1 - - [26/Aug/2025:20:46:23 +0100] "GET /favicon.ico HTTP/1.1" 302 -
0:0:0:0:0:0:0:1 - - [26/Aug/2025:20:46:23 +0100] "GET /login HTTP/1.1" 200 6107
0:0:0:0:0:0:0:1 - - [26/Aug/2025:20:46:29 +0100] "POST /login HTTP/1.1" 302 -
0:0:0:0:0:0:0:1 - - [26/Aug/2025:20:46:29 +0100] "GET /login?error HTTP/1.1" 200 6107
0:0:0:0:0:0:0:1 - - [26/Aug/2025:20:46:29 +0100] "GET /js/sb-admin-2.min.js HTTP/1.1" 200 1265
0:0:0:0:0:0:0:1 - - [26/Aug/2025:20:46:29 +0100] "GET /vendor/bootstrap/js/bootstrap.bundle.min.js HTTP/1.1" 200 84378
0:0:0:0:0:0:0:1 - - [26/Aug/2025:20:46:29 +0100] "GET /vendor/fontawesome-free/css/all.min.css HTTP/1.1" 200 59344
0:0:0:0:0:0:0:1 - - [26/Aug/2025:20:46:29 +0100] "GET /vendor/jquery/jquery.min.js HTTP/1.1" 200 89501
0:0:0:0:0:0:0:1 - - [26/Aug/2025:20:46:29 +0100] "GET /vendor/jquery-easing/jquery.easing.min.js HTTP/1.1" 200 2532
0:0:0:0:0:0:0:1 - - [26/Aug/2025:20:46:29 +0100] "GET /css/sb-admin-2.min.css HTTP/1.1" 200 170737
0:0:0:0:0:0:0:1 - - [26/Aug/2025:20:46:29 +0100] "GET /vendor/fontawesome-free/webfonts/fa-brands-400.woff2 HTTP/1.1" 200 76764
0:0:0:0:0:0:0:1 - - [26/Aug/2025:20:46:29 +0100] "GET /favicon.ico HTTP/1.1" 302 -
0:0:0:0:0:0:0:1 - - [26/Aug/2025:20:46:29 +0100] "GET /login HTTP/1.1" 200 6107
0:0:0:0:0:0:0:1 - - [26/Aug/2025:20:46:38 +0100] "POST /login HTTP/1.1" 302 -
0:0:0:0:0:0:0:1 - - [26/Aug/2025:20:46:38 +0100] "GET /login?error HTTP/1.1" 200 6107
0:0:0:0:0:0:0:1 - - [26/Aug/2025:20:46:38 +0100] "GET /vendor/jquery-easing/jquery.easing.min.js HTTP/1.1" 200 2532
0:0:0:0:0:0:0:1 - - [26/Aug/2025:20:46:38 +0100] "GET /js/sb-admin-2.min.js HTTP/1.1" 200 1265
0:0:0:0:0:0:0:1 - - [26/Aug/2025:20:46:38 +0100] "GET /vendor/jquery/jquery.min.js HTTP/1.1" 200 89501
0:0:0:0:0:0:0:1 - - [26/Aug/2025:20:46:38 +0100] "GET /vendor/bootstrap/js/bootstrap.bundle.min.js HTTP/1.1" 200 84378
0:0:0:0:0:0:0:1 - - [26/Aug/2025:20:46:38 +0100] "GET /css/sb-admin-2.min.css HTTP/1.1" 200 170737
0:0:0:0:0:0:0:1 - - [26/Aug/2025:20:46:38 +0100] "GET /vendor/fontawesome-free/css/all.min.css HTTP/1.1" 200 59344
0:0:0:0:0:0:0:1 - - [26/Aug/2025:20:46:38 +0100] "GET /vendor/fontawesome-free/webfonts/fa-brands-400.woff2 HTTP/1.1" 200 76764
0:0:0:0:0:0:0:1 - - [26/Aug/2025:20:46:39 +0100] "GET /favicon.ico HTTP/1.1" 302 -
0:0:0:0:0:0:0:1 - - [26/Aug/2025:20:46:39 +0100] "GET /login HTTP/1.1" 200 6107
0:0:0:0:0:0:0:1 - - [26/Aug/2025:20:47:05 +0100] "POST /login HTTP/1.1" 302 -
0:0:0:0:0:0:0:1 - - [26/Aug/2025:20:47:05 +0100] "GET /login?error HTTP/1.1" 200 6107
0:0:0:0:0:0:0:1 - - [26/Aug/2025:20:47:05 +0100] "GET /css/sb-admin-2.min.css HTTP/1.1" 200 170737
0:0:0:0:0:0:0:1 - - [26/Aug/2025:20:47:05 +0100] "GET /vendor/jquery-easing/jquery.easing.min.js HTTP/1.1" 200 2532
0:0:0:0:0:0:0:1 - - [26/Aug/2025:20:47:05 +0100] "GET /vendor/fontawesome-free/css/all.min.css HTTP/1.1" 200 59344
0:0:0:0:0:0:0:1 - - [26/Aug/2025:20:47:05 +0100] "GET /vendor/jquery/jquery.min.js HTTP/1.1" 200 89501
0:0:0:0:0:0:0:1 - - [26/Aug/2025:20:47:05 +0100] "GET /vendor/bootstrap/js/bootstrap.bundle.min.js HTTP/1.1" 200 84378
0:0:0:0:0:0:0:1 - - [26/Aug/2025:20:47:05 +0100] "GET /js/sb-admin-2.min.js HTTP/1.1" 200 1265
0:0:0:0:0:0:0:1 - - [26/Aug/2025:20:47:05 +0100] "GET /vendor/fontawesome-free/webfonts/fa-brands-400.woff2 HTTP/1.1" 200 76764
0:0:0:0:0:0:0:1 - - [26/Aug/2025:20:47:05 +0100] "GET /favicon.ico HTTP/1.1" 302 -
0:0:0:0:0:0:0:1 - - [26/Aug/2025:20:47:05 +0100] "GET /login HTTP/1.1" 200 6107
0:0:0:0:0:0:0:1 - - [26/Aug/2025:20:47:07 +0100] "POST /login HTTP/1.1" 302 -
0:0:0:0:0:0:0:1 - - [26/Aug/2025:20:47:07 +0100] "GET /login?error HTTP/1.1" 200 6107
0:0:0:0:0:0:0:1 - - [26/Aug/2025:20:47:07 +0100] "GET /css/sb-admin-2.min.css HTTP/1.1" 200 170737
0:0:0:0:0:0:0:1 - - [26/Aug/2025:20:47:07 +0100] "GET /vendor/fontawesome-free/css/all.min.css HTTP/1.1" 200 59344
0:0:0:0:0:0:0:1 - - [26/Aug/2025:20:47:07 +0100] "GET /vendor/bootstrap/js/bootstrap.bundle.min.js HTTP/1.1" 200 84378
0:0:0:0:0:0:0:1 - - [26/Aug/2025:20:47:07 +0100] "GET /vendor/jquery-easing/jquery.easing.min.js HTTP/1.1" 200 2532
0:0:0:0:0:0:0:1 - - [26/Aug/2025:20:47:07 +0100] "GET /js/sb-admin-2.min.js HTTP/1.1" 200 1265
0:0:0:0:0:0:0:1 - - [26/Aug/2025:20:47:07 +0100] "GET /vendor/jquery/jquery.min.js HTTP/1.1" 200 89501
0:0:0:0:0:0:0:1 - - [26/Aug/2025:20:47:07 +0100] "GET /vendor/fontawesome-free/webfonts/fa-brands-400.woff2 HTTP/1.1" 200 76764
0:0:0:0:0:0:0:1 - - [26/Aug/2025:20:47:07 +0100] "GET /favicon.ico HTTP/1.1" 302 -
0:0:0:0:0:0:0:1 - - [26/Aug/2025:20:47:07 +0100] "GET /login HTTP/1.1" 200 6107
0:0:0:0:0:0:0:1 - - [26/Aug/2025:20:47:09 +0100] "POST /login HTTP/1.1" 302 -
0:0:0:0:0:0:0:1 - - [26/Aug/2025:20:47:09 +0100] "GET /login?error HTTP/1.1" 200 6107
0:0:0:0:0:0:0:1 - - [26/Aug/2025:20:47:09 +0100] "GET /vendor/fontawesome-free/css/all.min.css HTTP/1.1" 200 59344
0:0:0:0:0:0:0:1 - - [26/Aug/2025:20:47:09 +0100] "GET /vendor/jquery/jquery.min.js HTTP/1.1" 200 89501
0:0:0:0:0:0:0:1 - - [26/Aug/2025:20:47:09 +0100] "GET /vendor/jquery-easing/jquery.easing.min.js HTTP/1.1" 200 2532
0:0:0:0:0:0:0:1 - - [26/Aug/2025:20:47:09 +0100] "GET /js/sb-admin-2.min.js HTTP/1.1" 200 1265
0:0:0:0:0:0:0:1 - - [26/Aug/2025:20:47:09 +0100] "GET /vendor/bootstrap/js/bootstrap.bundle.min.js HTTP/1.1" 200 84378
0:0:0:0:0:0:0:1 - - [26/Aug/2025:20:47:09 +0100] "GET /css/sb-admin-2.min.css HTTP/1.1" 200 170737
0:0:0:0:0:0:0:1 - - [26/Aug/2025:20:47:09 +0100] "GET /vendor/fontawesome-free/webfonts/fa-brands-400.woff2 HTTP/1.1" 200 76764
0:0:0:0:0:0:0:1 - - [26/Aug/2025:20:47:09 +0100] "GET /favicon.ico HTTP/1.1" 302 -
0:0:0:0:0:0:0:1 - - [26/Aug/2025:20:47:09 +0100] "GET /login HTTP/1.1" 200 6107
0:0:0:0:0:0:0:1 - - [26/Aug/2025:20:47:12 +0100] "POST /login HTTP/1.1" 302 -
0:0:0:0:0:0:0:1 - - [26/Aug/2025:20:47:12 +0100] "GET /login?error HTTP/1.1" 200 6107
0:0:0:0:0:0:0:1 - - [26/Aug/2025:20:47:12 +0100] "GET /vendor/jquery-easing/jquery.easing.min.js HTTP/1.1" 200 2532
0:0:0:0:0:0:0:1 - - [26/Aug/2025:20:47:12 +0100] "GET /js/sb-admin-2.min.js HTTP/1.1" 200 1265
0:0:0:0:0:0:0:1 - - [26/Aug/2025:20:47:12 +0100] "GET /vendor/fontawesome-free/css/all.min.css HTTP/1.1" 200 59344
0:0:0:0:0:0:0:1 - - [26/Aug/2025:20:47:12 +0100] "GET /vendor/bootstrap/js/bootstrap.bundle.min.js HTTP/1.1" 200 84378
0:0:0:0:0:0:0:1 - - [26/Aug/2025:20:47:12 +0100] "GET /vendor/jquery/jquery.min.js HTTP/1.1" 200 89501
0:0:0:0:0:0:0:1 - - [26/Aug/2025:20:47:12 +0100] "GET /css/sb-admin-2.min.css HTTP/1.1" 200 170737
0:0:0:0:0:0:0:1 - - [26/Aug/2025:20:47:12 +0100] "GET /vendor/fontawesome-free/webfonts/fa-brands-400.woff2 HTTP/1.1" 200 76764
0:0:0:0:0:0:0:1 - - [26/Aug/2025:20:47:12 +0100] "GET /favicon.ico HTTP/1.1" 302 -
0:0:0:0:0:0:0:1 - - [26/Aug/2025:20:47:12 +0100] "GET /login HTTP/1.1" 200 6107
0:0:0:0:0:0:0:1 - - [26/Aug/2025:20:47:15 +0100] "POST /login HTTP/1.1" 302 -
0:0:0:0:0:0:0:1 - - [26/Aug/2025:20:47:15 +0100] "GET /login?error HTTP/1.1" 200 6107
0:0:0:0:0:0:0:1 - - [26/Aug/2025:20:47:15 +0100] "GET /vendor/jquery-easing/jquery.easing.min.js HTTP/1.1" 200 2532
0:0:0:0:0:0:0:1 - - [26/Aug/2025:20:47:15 +0100] "GET /js/sb-admin-2.min.js HTTP/1.1" 200 1265
0:0:0:0:0:0:0:1 - - [26/Aug/2025:20:47:15 +0100] "GET /vendor/fontawesome-free/css/all.min.css HTTP/1.1" 200 59344
0:0:0:0:0:0:0:1 - - [26/Aug/2025:20:47:15 +0100] "GET /vendor/jquery/jquery.min.js HTTP/1.1" 200 89501
0:0:0:0:0:0:0:1 - - [26/Aug/2025:20:47:15 +0100] "GET /vendor/bootstrap/js/bootstrap.bundle.min.js HTTP/1.1" 200 84378
0:0:0:0:0:0:0:1 - - [26/Aug/2025:20:47:15 +0100] "GET /css/sb-admin-2.min.css HTTP/1.1" 200 170737
0:0:0:0:0:0:0:1 - - [26/Aug/2025:20:47:15 +0100] "GET /vendor/fontawesome-free/webfonts/fa-brands-400.woff2 HTTP/1.1" 200 76764
0:0:0:0:0:0:0:1 - - [26/Aug/2025:20:47:15 +0100] "GET /favicon.ico HTTP/1.1" 302 -
0:0:0:0:0:0:0:1 - - [26/Aug/2025:20:47:15 +0100] "GET /login HTTP/1.1" 200 6107
0:0:0:0:0:0:0:1 - - [26/Aug/2025:20:49:11 +0100] "POST /login HTTP/1.1" 302 -
0:0:0:0:0:0:0:1 - - [26/Aug/2025:20:49:11 +0100] "GET /login?error HTTP/1.1" 200 6107
0:0:0:0:0:0:0:1 - - [26/Aug/2025:20:49:11 +0100] "GET /vendor/jquery-easing/jquery.easing.min.js HTTP/1.1" 200 2532
0:0:0:0:0:0:0:1 - - [26/Aug/2025:20:49:11 +0100] "GET /js/sb-admin-2.min.js HTTP/1.1" 200 1265
0:0:0:0:0:0:0:1 - - [26/Aug/2025:20:49:11 +0100] "GET /vendor/fontawesome-free/css/all.min.css HTTP/1.1" 200 59344
0:0:0:0:0:0:0:1 - - [26/Aug/2025:20:49:11 +0100] "GET /css/sb-admin-2.min.css HTTP/1.1" 200 170737
0:0:0:0:0:0:0:1 - - [26/Aug/2025:20:49:11 +0100] "GET /vendor/bootstrap/js/bootstrap.bundle.min.js HTTP/1.1" 200 84378
0:0:0:0:0:0:0:1 - - [26/Aug/2025:20:49:11 +0100] "GET /vendor/jquery/jquery.min.js HTTP/1.1" 200 89501
0:0:0:0:0:0:0:1 - - [26/Aug/2025:20:49:11 +0100] "GET /vendor/fontawesome-free/webfonts/fa-brands-400.woff2 HTTP/1.1" 200 76764
0:0:0:0:0:0:0:1 - - [26/Aug/2025:20:49:12 +0100] "GET /favicon.ico HTTP/1.1" 302 -
0:0:0:0:0:0:0:1 - - [26/Aug/2025:20:49:12 +0100] "GET /login HTTP/1.1" 200 6107
0:0:0:0:0:0:0:1 - - [26/Aug/2025:20:49:30 +0100] "POST /login HTTP/1.1" 302 -
0:0:0:0:0:0:0:1 - - [26/Aug/2025:20:49:30 +0100] "GET /login?error HTTP/1.1" 200 6107
0:0:0:0:0:0:0:1 - - [26/Aug/2025:20:49:30 +0100] "GET /js/sb-admin-2.min.js HTTP/1.1" 200 1265
0:0:0:0:0:0:0:1 - - [26/Aug/2025:20:49:30 +0100] "GET /vendor/jquery-easing/jquery.easing.min.js HTTP/1.1" 200 2532
0:0:0:0:0:0:0:1 - - [26/Aug/2025:20:49:30 +0100] "GET /vendor/bootstrap/js/bootstrap.bundle.min.js HTTP/1.1" 200 84378
0:0:0:0:0:0:0:1 - - [26/Aug/2025:20:49:30 +0100] "GET /vendor/fontawesome-free/css/all.min.css HTTP/1.1" 200 59344
0:0:0:0:0:0:0:1 - - [26/Aug/2025:20:49:30 +0100] "GET /vendor/jquery/jquery.min.js HTTP/1.1" 200 89501
0:0:0:0:0:0:0:1 - - [26/Aug/2025:20:49:30 +0100] "GET /css/sb-admin-2.min.css HTTP/1.1" 200 170737
0:0:0:0:0:0:0:1 - - [26/Aug/2025:20:49:30 +0100] "GET /vendor/fontawesome-free/webfonts/fa-brands-400.woff2 HTTP/1.1" 200 76764
0:0:0:0:0:0:0:1 - - [26/Aug/2025:20:49:30 +0100] "GET /favicon.ico HTTP/1.1" 302 -
0:0:0:0:0:0:0:1 - - [26/Aug/2025:20:49:30 +0100] "GET /login HTTP/1.1" 200 6107
0:0:0:0:0:0:0:1 - - [26/Aug/2025:20:49:35 +0100] "POST /login HTTP/1.1" 302 -
0:0:0:0:0:0:0:1 - - [26/Aug/2025:20:49:35 +0100] "GET /login?error HTTP/1.1" 200 6107
0:0:0:0:0:0:0:1 - - [26/Aug/2025:20:49:35 +0100] "GET /js/sb-admin-2.min.js HTTP/1.1" 200 1265
0:0:0:0:0:0:0:1 - - [26/Aug/2025:20:49:35 +0100] "GET /vendor/jquery-easing/jquery.easing.min.js HTTP/1.1" 200 2532
0:0:0:0:0:0:0:1 - - [26/Aug/2025:20:49:35 +0100] "GET /vendor/fontawesome-free/css/all.min.css HTTP/1.1" 200 59344
0:0:0:0:0:0:0:1 - - [26/Aug/2025:20:49:35 +0100] "GET /css/sb-admin-2.min.css HTTP/1.1" 200 170737
0:0:0:0:0:0:0:1 - - [26/Aug/2025:20:49:35 +0100] "GET /vendor/jquery/jquery.min.js HTTP/1.1" 200 89501
0:0:0:0:0:0:0:1 - - [26/Aug/2025:20:49:35 +0100] "GET /vendor/bootstrap/js/bootstrap.bundle.min.js HTTP/1.1" 200 84378
0:0:0:0:0:0:0:1 - - [26/Aug/2025:20:49:35 +0100] "GET /vendor/fontawesome-free/webfonts/fa-brands-400.woff2 HTTP/1.1" 200 76764
0:0:0:0:0:0:0:1 - - [26/Aug/2025:20:49:35 +0100] "GET /favicon.ico HTTP/1.1" 302 -
0:0:0:0:0:0:0:1 - - [26/Aug/2025:20:49:35 +0100] "GET /login HTTP/1.1" 200 6107
0:0:0:0:0:0:0:1 - - [26/Aug/2025:20:53:32 +0100] "GET /login?error HTTP/1.1" 200 6107
0:0:0:0:0:0:0:1 - - [26/Aug/2025:20:53:32 +0100] "GET /vendor/jquery-easing/jquery.easing.min.js HTTP/1.1" 200 2532
0:0:0:0:0:0:0:1 - - [26/Aug/2025:20:53:32 +0100] "GET /js/sb-admin-2.min.js HTTP/1.1" 200 1265
0:0:0:0:0:0:0:1 - - [26/Aug/2025:20:53:32 +0100] "GET /vendor/bootstrap/js/bootstrap.bundle.min.js HTTP/1.1" 200 84378
0:0:0:0:0:0:0:1 - - [26/Aug/2025:20:53:32 +0100] "GET /vendor/fontawesome-free/css/all.min.css HTTP/1.1" 200 59344
0:0:0:0:0:0:0:1 - - [26/Aug/2025:20:53:32 +0100] "GET /vendor/jquery/jquery.min.js HTTP/1.1" 200 89501
0:0:0:0:0:0:0:1 - - [26/Aug/2025:20:53:32 +0100] "GET /css/sb-admin-2.min.css HTTP/1.1" 200 170737
0:0:0:0:0:0:0:1 - - [26/Aug/2025:20:53:32 +0100] "GET /vendor/fontawesome-free/webfonts/fa-brands-400.woff2 HTTP/1.1" 200 76764
0:0:0:0:0:0:0:1 - - [26/Aug/2025:20:53:33 +0100] "GET /favicon.ico HTTP/1.1" 302 -
0:0:0:0:0:0:0:1 - - [26/Aug/2025:20:53:33 +0100] "GET /login HTTP/1.1" 200 6107
0:0:0:0:0:0:0:1 - - [26/Aug/2025:20:53:37 +0100] "GET /vendor/fontawesome-free/css/all.min.css HTTP/1.1" 200 59344
0:0:0:0:0:0:0:1 - - [26/Aug/2025:20:53:37 +0100] "GET /css/sb-admin-2.min.css HTTP/1.1" 200 170737
0:0:0:0:0:0:0:1 - - [26/Aug/2025:20:53:37 +0100] "GET /.well-known/appspecific/com.chrome.devtools.json HTTP/1.1" 302 -
0:0:0:0:0:0:0:1 - - [26/Aug/2025:20:53:37 +0100] "GET /login HTTP/1.1" 200 6107
0:0:0:0:0:0:0:1 - - [26/Aug/2025:20:53:38 +0100] "GET /vendor/bootstrap/js/bootstrap.bundle.min.js.map HTTP/1.1" 200 316181
0:0:0:0:0:0:0:1 - - [26/Aug/2025:20:53:46 +0100] "POST /login HTTP/1.1" 302 -
0:0:0:0:0:0:0:1 - - [26/Aug/2025:20:53:46 +0100] "GET /login?error HTTP/1.1" 200 6107
0:0:0:0:0:0:0:1 - - [26/Aug/2025:20:53:46 +0100] "GET /js/sb-admin-2.min.js HTTP/1.1" 200 1265
0:0:0:0:0:0:0:1 - - [26/Aug/2025:20:53:46 +0100] "GET /vendor/fontawesome-free/css/all.min.css HTTP/1.1" 200 59344
0:0:0:0:0:0:0:1 - - [26/Aug/2025:20:53:46 +0100] "GET /vendor/jquery/jquery.min.js HTTP/1.1" 200 89501
0:0:0:0:0:0:0:1 - - [26/Aug/2025:20:53:46 +0100] "GET /vendor/jquery-easing/jquery.easing.min.js HTTP/1.1" 200 2532
0:0:0:0:0:0:0:1 - - [26/Aug/2025:20:53:46 +0100] "GET /vendor/bootstrap/js/bootstrap.bundle.min.js HTTP/1.1" 200 84378
0:0:0:0:0:0:0:1 - - [26/Aug/2025:20:53:46 +0100] "GET /css/sb-admin-2.min.css HTTP/1.1" 200 170737
0:0:0:0:0:0:0:1 - - [26/Aug/2025:20:53:46 +0100] "GET /.well-known/appspecific/com.chrome.devtools.json HTTP/1.1" 302 -
0:0:0:0:0:0:0:1 - - [26/Aug/2025:20:53:46 +0100] "GET /login HTTP/1.1" 200 6107
0:0:0:0:0:0:0:1 - - [26/Aug/2025:20:53:46 +0100] "GET /vendor/fontawesome-free/webfonts/fa-brands-400.woff2 HTTP/1.1" 200 76764
0:0:0:0:0:0:0:1 - - [26/Aug/2025:20:53:46 +0100] "GET /vendor/bootstrap/js/bootstrap.bundle.min.js.map HTTP/1.1" 200 316181
0:0:0:0:0:0:0:1 - - [26/Aug/2025:20:53:47 +0100] "GET /favicon.ico HTTP/1.1" 302 -
0:0:0:0:0:0:0:1 - - [26/Aug/2025:20:53:47 +0100] "GET /login HTTP/1.1" 200 6107
0:0:0:0:0:0:0:1 - - [26/Aug/2025:20:53:50 +0100] "POST /login HTTP/1.1" 302 -
0:0:0:0:0:0:0:1 - - [26/Aug/2025:20:53:50 +0100] "GET /login?error HTTP/1.1" 200 6107
0:0:0:0:0:0:0:1 - - [26/Aug/2025:20:53:50 +0100] "GET /.well-known/appspecific/com.chrome.devtools.json HTTP/1.1" 302 -
0:0:0:0:0:0:0:1 - - [26/Aug/2025:20:53:50 +0100] "GET /vendor/jquery-easing/jquery.easing.min.js HTTP/1.1" 200 2532
0:0:0:0:0:0:0:1 - - [26/Aug/2025:20:53:50 +0100] "GET /vendor/fontawesome-free/css/all.min.css HTTP/1.1" 200 59344
0:0:0:0:0:0:0:1 - - [26/Aug/2025:20:53:50 +0100] "GET /vendor/bootstrap/js/bootstrap.bundle.min.js HTTP/1.1" 200 84378
0:0:0:0:0:0:0:1 - - [26/Aug/2025:20:53:50 +0100] "GET /vendor/jquery/jquery.min.js HTTP/1.1" 200 89501
0:0:0:0:0:0:0:1 - - [26/Aug/2025:20:53:50 +0100] "GET /css/sb-admin-2.min.css HTTP/1.1" 200 170737
0:0:0:0:0:0:0:1 - - [26/Aug/2025:20:53:50 +0100] "GET /js/sb-admin-2.min.js HTTP/1.1" 200 1265
0:0:0:0:0:0:0:1 - - [26/Aug/2025:20:53:50 +0100] "GET /login HTTP/1.1" 200 6107
0:0:0:0:0:0:0:1 - - [26/Aug/2025:20:53:50 +0100] "GET /vendor/fontawesome-free/webfonts/fa-brands-400.woff2 HTTP/1.1" 200 76764
0:0:0:0:0:0:0:1 - - [26/Aug/2025:20:53:50 +0100] "GET /vendor/bootstrap/js/bootstrap.bundle.min.js.map HTTP/1.1" 200 316181
0:0:0:0:0:0:0:1 - - [26/Aug/2025:20:53:50 +0100] "GET /favicon.ico HTTP/1.1" 302 -
0:0:0:0:0:0:0:1 - - [26/Aug/2025:20:53:50 +0100] "GET /login HTTP/1.1" 200 6107
0:0:0:0:0:0:0:1 - - [26/Aug/2025:20:54:36 +0100] "POST /login HTTP/1.1" 302 -
0:0:0:0:0:0:0:1 - - [26/Aug/2025:20:54:37 +0100] "GET /login?error HTTP/1.1" 200 6107
0:0:0:0:0:0:0:1 - - [26/Aug/2025:20:54:37 +0100] "GET /vendor/fontawesome-free/css/all.min.css HTTP/1.1" 200 59344
0:0:0:0:0:0:0:1 - - [26/Aug/2025:20:54:37 +0100] "GET /vendor/bootstrap/js/bootstrap.bundle.min.js HTTP/1.1" 200 84378
0:0:0:0:0:0:0:1 - - [26/Aug/2025:20:54:37 +0100] "GET /vendor/jquery/jquery.min.js HTTP/1.1" 200 89501
0:0:0:0:0:0:0:1 - - [26/Aug/2025:20:54:37 +0100] "GET /vendor/jquery-easing/jquery.easing.min.js HTTP/1.1" 200 2532
0:0:0:0:0:0:0:1 - - [26/Aug/2025:20:54:37 +0100] "GET /css/sb-admin-2.min.css HTTP/1.1" 200 170737
0:0:0:0:0:0:0:1 - - [26/Aug/2025:20:54:37 +0100] "GET /.well-known/appspecific/com.chrome.devtools.json HTTP/1.1" 302 -
0:0:0:0:0:0:0:1 - - [26/Aug/2025:20:54:37 +0100] "GET /js/sb-admin-2.min.js HTTP/1.1" 200 1265
0:0:0:0:0:0:0:1 - - [26/Aug/2025:20:54:37 +0100] "GET /login HTTP/1.1" 200 6107
0:0:0:0:0:0:0:1 - - [26/Aug/2025:20:54:37 +0100] "GET /vendor/fontawesome-free/webfonts/fa-brands-400.woff2 HTTP/1.1" 200 76764
0:0:0:0:0:0:0:1 - - [26/Aug/2025:20:54:37 +0100] "GET /vendor/bootstrap/js/bootstrap.bundle.min.js.map HTTP/1.1" 200 316181
0:0:0:0:0:0:0:1 - - [26/Aug/2025:20:54:37 +0100] "GET /favicon.ico HTTP/1.1" 302 -
0:0:0:0:0:0:0:1 - - [26/Aug/2025:20:54:37 +0100] "GET /login HTTP/1.1" 200 6107
0:0:0:0:0:0:0:1 - - [26/Aug/2025:20:54:40 +0100] "POST /login HTTP/1.1" 302 -
0:0:0:0:0:0:0:1 - - [26/Aug/2025:20:54:40 +0100] "GET /login?error HTTP/1.1" 200 6107
0:0:0:0:0:0:0:1 - - [26/Aug/2025:20:54:40 +0100] "GET /.well-known/appspecific/com.chrome.devtools.json HTTP/1.1" 302 -
0:0:0:0:0:0:0:1 - - [26/Aug/2025:20:54:40 +0100] "GET /vendor/bootstrap/js/bootstrap.bundle.min.js HTTP/1.1" 200 84378
0:0:0:0:0:0:0:1 - - [26/Aug/2025:20:54:40 +0100] "GET /vendor/fontawesome-free/css/all.min.css HTTP/1.1" 200 59344
0:0:0:0:0:0:0:1 - - [26/Aug/2025:20:54:40 +0100] "GET /vendor/jquery/jquery.min.js HTTP/1.1" 200 89501
0:0:0:0:0:0:0:1 - - [26/Aug/2025:20:54:40 +0100] "GET /vendor/jquery-easing/jquery.easing.min.js HTTP/1.1" 200 2532
0:0:0:0:0:0:0:1 - - [26/Aug/2025:20:54:40 +0100] "GET /css/sb-admin-2.min.css HTTP/1.1" 200 170737
0:0:0:0:0:0:0:1 - - [26/Aug/2025:20:54:40 +0100] "GET /login HTTP/1.1" 200 6107
0:0:0:0:0:0:0:1 - - [26/Aug/2025:20:54:40 +0100] "GET /js/sb-admin-2.min.js HTTP/1.1" 200 1265
0:0:0:0:0:0:0:1 - - [26/Aug/2025:20:54:40 +0100] "GET /vendor/fontawesome-free/webfonts/fa-brands-400.woff2 HTTP/1.1" 200 76764
0:0:0:0:0:0:0:1 - - [26/Aug/2025:20:54:40 +0100] "GET /vendor/bootstrap/js/bootstrap.bundle.min.js.map HTTP/1.1" 200 316181
0:0:0:0:0:0:0:1 - - [26/Aug/2025:20:54:40 +0100] "GET /favicon.ico HTTP/1.1" 302 -
0:0:0:0:0:0:0:1 - - [26/Aug/2025:20:54:40 +0100] "GET /login HTTP/1.1" 200 6107
0:0:0:0:0:0:0:1 - - [26/Aug/2025:20:55:06 +0100] "POST /login HTTP/1.1" 302 -
0:0:0:0:0:0:0:1 - - [26/Aug/2025:20:55:06 +0100] "GET /.well-known/appspecific/com.chrome.devtools.json?continue HTTP/1.1" 404 10217
0:0:0:0:0:0:0:1 - - [26/Aug/2025:20:55:06 +0100] "GET /favicon.ico HTTP/1.1" 404 10220
0:0:0:0:0:0:0:1 - - [26/Aug/2025:20:55:34 +0100] "GET / HTTP/1.1" 302 -
0:0:0:0:0:0:0:1 - - [26/Aug/2025:20:55:35 +0100] "GET /user/home HTTP/1.1" 200 17110
0:0:0:0:0:0:0:1 - - [26/Aug/2025:20:55:35 +0100] "GET /vendor/fontawesome-free/css/all.min.css HTTP/1.1" 200 59344
0:0:0:0:0:0:0:1 - - [26/Aug/2025:20:55:35 +0100] "GET /vendor/da2.js HTTP/1.1" 200 1733
0:0:0:0:0:0:0:1 - - [26/Aug/2025:20:55:35 +0100] "GET /css/sb-admin-2.min.css HTTP/1.1" 200 170737
0:0:0:0:0:0:0:1 - - [26/Aug/2025:20:55:35 +0100] "GET /vendor/jquery/jquery.min.js HTTP/1.1" 200 89501
0:0:0:0:0:0:0:1 - - [26/Aug/2025:20:55:35 +0100] "GET /img/undraw_profile.svg HTTP/1.1" 200 2820
0:0:0:0:0:0:0:1 - - [26/Aug/2025:20:55:35 +0100] "GET /vendor/bootstrap/js/bootstrap.bundle.min.js HTTP/1.1" 200 84378
0:0:0:0:0:0:0:1 - - [26/Aug/2025:20:55:35 +0100] "GET /js/sb-admin-2.min.js HTTP/1.1" 200 1265
0:0:0:0:0:0:0:1 - - [26/Aug/2025:20:55:35 +0100] "GET /vendor/jquery-easing/jquery.easing.min.js HTTP/1.1" 200 2532
0:0:0:0:0:0:0:1 - - [26/Aug/2025:20:55:35 +0100] "GET /vendor/chart.js/chart.js HTTP/1.1" 200 443106
0:0:0:0:0:0:0:1 - - [26/Aug/2025:20:55:35 +0100] "GET /vendor/fontawesome-free/webfonts/fa-solid-900.woff2 HTTP/1.1" 200 78196
0:0:0:0:0:0:0:1 - - [26/Aug/2025:20:55:39 +0100] "POST /logout HTTP/1.1" 302 -
0:0:0:0:0:0:0:1 - - [26/Aug/2025:20:55:39 +0100] "GET /login?logout HTTP/1.1" 302 -
0:0:0:0:0:0:0:1 - - [26/Aug/2025:20:55:39 +0100] "GET /login HTTP/1.1" 200 6107
0:0:0:0:0:0:0:1 - - [26/Aug/2025:20:55:39 +0100] "GET /vendor/fontawesome-free/css/all.min.css HTTP/1.1" 200 59344
0:0:0:0:0:0:0:1 - - [26/Aug/2025:20:55:39 +0100] "GET /vendor/jquery/jquery.min.js HTTP/1.1" 200 89501
0:0:0:0:0:0:0:1 - - [26/Aug/2025:20:55:39 +0100] "GET /vendor/jquery-easing/jquery.easing.min.js HTTP/1.1" 200 2532
0:0:0:0:0:0:0:1 - - [26/Aug/2025:20:55:39 +0100] "GET /css/sb-admin-2.min.css HTTP/1.1" 200 170737
0:0:0:0:0:0:0:1 - - [26/Aug/2025:20:55:39 +0100] "GET /vendor/bootstrap/js/bootstrap.bundle.min.js HTTP/1.1" 200 84378
0:0:0:0:0:0:0:1 - - [26/Aug/2025:20:55:39 +0100] "GET /js/sb-admin-2.min.js HTTP/1.1" 200 1265
0:0:0:0:0:0:0:1 - - [26/Aug/2025:20:55:39 +0100] "GET /vendor/fontawesome-free/webfonts/fa-brands-400.woff2 HTTP/1.1" 200 76764
0:0:0:0:0:0:0:1 - - [26/Aug/2025:20:55:45 +0100] "POST /login HTTP/1.1" 302 -
0:0:0:0:0:0:0:1 - - [26/Aug/2025:20:55:45 +0100] "GET /login?logout&continue HTTP/1.1" 200 6107
0:0:0:0:0:0:0:1 - - [26/Aug/2025:20:55:45 +0100] "GET /vendor/fontawesome-free/css/all.min.css HTTP/1.1" 200 59344
0:0:0:0:0:0:0:1 - - [26/Aug/2025:20:55:45 +0100] "GET /vendor/jquery/jquery.min.js HTTP/1.1" 200 89501
0:0:0:0:0:0:0:1 - - [26/Aug/2025:20:55:45 +0100] "GET /css/sb-admin-2.min.css HTTP/1.1" 200 170737
0:0:0:0:0:0:0:1 - - [26/Aug/2025:20:55:45 +0100] "GET /js/sb-admin-2.min.js HTTP/1.1" 200 1265
0:0:0:0:0:0:0:1 - - [26/Aug/2025:20:55:45 +0100] "GET /vendor/jquery-easing/jquery.easing.min.js HTTP/1.1" 200 2532
0:0:0:0:0:0:0:1 - - [26/Aug/2025:20:55:45 +0100] "GET /vendor/bootstrap/js/bootstrap.bundle.min.js HTTP/1.1" 200 84378
0:0:0:0:0:0:0:1 - - [26/Aug/2025:20:55:45 +0100] "GET /vendor/fontawesome-free/webfonts/fa-brands-400.woff2 HTTP/1.1" 200 76764
0:0:0:0:0:0:0:1 - - [26/Aug/2025:20:55:50 +0100] "POST /login HTTP/1.1" 302 -
0:0:0:0:0:0:0:1 - - [26/Aug/2025:20:55:50 +0100] "GET / HTTP/1.1" 302 -
0:0:0:0:0:0:0:1 - - [26/Aug/2025:20:55:50 +0100] "GET /user/home HTTP/1.1" 200 17110
0:0:0:0:0:0:0:1 - - [26/Aug/2025:20:55:50 +0100] "GET /vendor/da2.js HTTP/1.1" 200 1733
0:0:0:0:0:0:0:1 - - [26/Aug/2025:20:55:50 +0100] "GET /vendor/fontawesome-free/css/all.min.css HTTP/1.1" 200 59344
0:0:0:0:0:0:0:1 - - [26/Aug/2025:20:55:50 +0100] "GET /vendor/jquery/jquery.min.js HTTP/1.1" 200 89501
0:0:0:0:0:0:0:1 - - [26/Aug/2025:20:55:50 +0100] "GET /css/sb-admin-2.min.css HTTP/1.1" 200 170737
0:0:0:0:0:0:0:1 - - [26/Aug/2025:20:55:50 +0100] "GET /img/undraw_profile.svg HTTP/1.1" 200 2820
0:0:0:0:0:0:0:1 - - [26/Aug/2025:20:55:50 +0100] "GET /vendor/bootstrap/js/bootstrap.bundle.min.js HTTP/1.1" 200 84378
0:0:0:0:0:0:0:1 - - [26/Aug/2025:20:55:50 +0100] "GET /js/sb-admin-2.min.js HTTP/1.1" 200 1265
0:0:0:0:0:0:0:1 - - [26/Aug/2025:20:55:50 +0100] "GET /vendor/jquery-easing/jquery.easing.min.js HTTP/1.1" 200 2532
0:0:0:0:0:0:0:1 - - [26/Aug/2025:20:55:50 +0100] "GET /vendor/chart.js/chart.js HTTP/1.1" 200 443106
0:0:0:0:0:0:0:1 - - [26/Aug/2025:20:55:50 +0100] "GET /vendor/fontawesome-free/webfonts/fa-solid-900.woff2 HTTP/1.1" 200 78196
0:0:0:0:0:0:0:1 - - [26/Aug/2025:20:55:54 +0100] "POST /logout HTTP/1.1" 302 -
0:0:0:0:0:0:0:1 - - [26/Aug/2025:20:55:54 +0100] "GET /login?logout HTTP/1.1" 302 -
0:0:0:0:0:0:0:1 - - [26/Aug/2025:20:55:54 +0100] "GET /login HTTP/1.1" 200 6107
0:0:0:0:0:0:0:1 - - [26/Aug/2025:20:55:54 +0100] "GET /vendor/jquery-easing/jquery.easing.min.js HTTP/1.1" 200 2532
0:0:0:0:0:0:0:1 - - [26/Aug/2025:20:55:54 +0100] "GET /vendor/fontawesome-free/css/all.min.css HTTP/1.1" 200 59344
0:0:0:0:0:0:0:1 - - [26/Aug/2025:20:55:54 +0100] "GET /vendor/jquery/jquery.min.js HTTP/1.1" 200 89501
0:0:0:0:0:0:0:1 - - [26/Aug/2025:20:55:54 +0100] "GET /css/sb-admin-2.min.css HTTP/1.1" 200 170737
0:0:0:0:0:0:0:1 - - [26/Aug/2025:20:55:54 +0100] "GET /vendor/bootstrap/js/bootstrap.bundle.min.js HTTP/1.1" 200 84378
0:0:0:0:0:0:0:1 - - [26/Aug/2025:20:55:54 +0100] "GET /js/sb-admin-2.min.js HTTP/1.1" 200 1265
0:0:0:0:0:0:0:1 - - [26/Aug/2025:20:55:54 +0100] "GET /vendor/fontawesome-free/webfonts/fa-brands-400.woff2 HTTP/1.1" 200 76764
