0:0:0:0:0:0:0:1 - - [02/Sep/2025:16:02:42 +0100] "GET / HTTP/1.1" 302 -
0:0:0:0:0:0:0:1 - - [02/Sep/2025:16:02:42 +0100] "GET /login HTTP/1.1" 200 6107
0:0:0:0:0:0:0:1 - - [02/Sep/2025:16:02:42 +0100] "GET /js/sb-admin-2.min.js HTTP/1.1" 200 1265
0:0:0:0:0:0:0:1 - - [02/Sep/2025:16:02:42 +0100] "GET /vendor/bootstrap/js/bootstrap.bundle.min.js HTTP/1.1" 200 84378
0:0:0:0:0:0:0:1 - - [02/Sep/2025:16:02:42 +0100] "GET /vendor/fontawesome-free/css/all.min.css HTTP/1.1" 200 59344
0:0:0:0:0:0:0:1 - - [02/Sep/2025:16:02:42 +0100] "GET /vendor/jquery-easing/jquery.easing.min.js HTTP/1.1" 200 2532
0:0:0:0:0:0:0:1 - - [02/Sep/2025:16:02:42 +0100] "GET /vendor/jquery/jquery.min.js HTTP/1.1" 200 89501
0:0:0:0:0:0:0:1 - - [02/Sep/2025:16:02:42 +0100] "GET /css/sb-admin-2.min.css HTTP/1.1" 200 170737
0:0:0:0:0:0:0:1 - - [02/Sep/2025:16:02:42 +0100] "GET /vendor/fontawesome-free/webfonts/fa-brands-400.woff2 HTTP/1.1" 200 76764
0:0:0:0:0:0:0:1 - - [02/Sep/2025:16:02:42 +0100] "GET /favicon.ico HTTP/1.1" 302 -
0:0:0:0:0:0:0:1 - - [02/Sep/2025:16:02:42 +0100] "GET /login HTTP/1.1" 200 6107
0:0:0:0:0:0:0:1 - - [02/Sep/2025:16:03:24 +0100] "POST /login HTTP/1.1" 302 -
0:0:0:0:0:0:0:1 - - [02/Sep/2025:16:03:24 +0100] "GET /?continue HTTP/1.1" 302 -
0:0:0:0:0:0:0:1 - - [02/Sep/2025:16:03:26 +0100] "GET /user/home HTTP/1.1" 200 17228
0:0:0:0:0:0:0:1 - - [02/Sep/2025:16:03:26 +0100] "GET /css/sb-admin-2.min.css HTTP/1.1" 200 170737
0:0:0:0:0:0:0:1 - - [02/Sep/2025:16:03:26 +0100] "GET /vendor/jquery/jquery.min.js HTTP/1.1" 200 89501
0:0:0:0:0:0:0:1 - - [02/Sep/2025:16:03:26 +0100] "GET /vendor/fontawesome-free/css/all.min.css HTTP/1.1" 200 59344
0:0:0:0:0:0:0:1 - - [02/Sep/2025:16:03:26 +0100] "GET /vendor/da2.js HTTP/1.1" 200 1733
0:0:0:0:0:0:0:1 - - [02/Sep/2025:16:03:26 +0100] "GET /img/undraw_profile.svg HTTP/1.1" 200 2820
0:0:0:0:0:0:0:1 - - [02/Sep/2025:16:03:26 +0100] "GET /js/sb-admin-2.min.js HTTP/1.1" 200 1265
0:0:0:0:0:0:0:1 - - [02/Sep/2025:16:03:26 +0100] "GET /vendor/jquery-easing/jquery.easing.min.js HTTP/1.1" 200 2532
0:0:0:0:0:0:0:1 - - [02/Sep/2025:16:03:26 +0100] "GET /vendor/bootstrap/js/bootstrap.bundle.min.js HTTP/1.1" 200 84378
0:0:0:0:0:0:0:1 - - [02/Sep/2025:16:03:26 +0100] "GET /vendor/chart.js/chart.js HTTP/1.1" 200 443106
0:0:0:0:0:0:0:1 - - [02/Sep/2025:16:03:26 +0100] "GET /vendor/fontawesome-free/webfonts/fa-solid-900.woff2 HTTP/1.1" 200 78196
0:0:0:0:0:0:0:1 - - [02/Sep/2025:16:03:26 +0100] "GET /favicon.ico HTTP/1.1" 404 10220
0:0:0:0:0:0:0:1 - - [02/Sep/2025:16:03:52 +0100] "GET /user/home HTTP/1.1" 200 17228
0:0:0:0:0:0:0:1 - - [02/Sep/2025:16:03:52 +0100] "GET /vendor/da2.js HTTP/1.1" 200 1733
0:0:0:0:0:0:0:1 - - [02/Sep/2025:16:03:52 +0100] "GET /img/undraw_profile.svg HTTP/1.1" 200 2820
0:0:0:0:0:0:0:1 - - [02/Sep/2025:16:03:52 +0100] "GET /vendor/jquery/jquery.min.js HTTP/1.1" 200 89501
0:0:0:0:0:0:0:1 - - [02/Sep/2025:16:03:52 +0100] "GET /css/sb-admin-2.min.css HTTP/1.1" 200 170737
0:0:0:0:0:0:0:1 - - [02/Sep/2025:16:03:52 +0100] "GET /vendor/fontawesome-free/css/all.min.css HTTP/1.1" 200 59344
0:0:0:0:0:0:0:1 - - [02/Sep/2025:16:03:52 +0100] "GET /vendor/jquery-easing/jquery.easing.min.js HTTP/1.1" 200 2532
0:0:0:0:0:0:0:1 - - [02/Sep/2025:16:03:52 +0100] "GET /vendor/bootstrap/js/bootstrap.bundle.min.js HTTP/1.1" 200 84378
0:0:0:0:0:0:0:1 - - [02/Sep/2025:16:03:52 +0100] "GET /vendor/chart.js/chart.js HTTP/1.1" 200 443106
0:0:0:0:0:0:0:1 - - [02/Sep/2025:16:03:52 +0100] "GET /js/sb-admin-2.min.js HTTP/1.1" 200 1265
0:0:0:0:0:0:0:1 - - [02/Sep/2025:16:03:52 +0100] "GET /vendor/fontawesome-free/webfonts/fa-solid-900.woff2 HTTP/1.1" 200 78196
0:0:0:0:0:0:0:1 - - [02/Sep/2025:16:03:55 +0100] "GET /css/sb-admin-2.min.css HTTP/1.1" 200 170737
0:0:0:0:0:0:0:1 - - [02/Sep/2025:16:03:55 +0100] "GET /vendor/fontawesome-free/css/all.min.css HTTP/1.1" 200 59344
0:0:0:0:0:0:0:1 - - [02/Sep/2025:16:03:55 +0100] "GET /vendor/fontawesome-free/webfonts/fa-solid-900.woff2 HTTP/1.1" 200 78196
0:0:0:0:0:0:0:1 - - [02/Sep/2025:16:03:55 +0100] "GET /user/listetudiant HTTP/1.1" 200 15867
0:0:0:0:0:0:0:1 - - [02/Sep/2025:16:03:55 +0100] "GET /img/undraw_profile.svg HTTP/1.1" 200 2820
0:0:0:0:0:0:0:1 - - [02/Sep/2025:16:03:55 +0100] "GET /vendor/jquery/jquery.min.js HTTP/1.1" 200 89501
0:0:0:0:0:0:0:1 - - [02/Sep/2025:16:03:55 +0100] "GET /vendor/jquery-easing/jquery.easing.min.js HTTP/1.1" 200 2532
0:0:0:0:0:0:0:1 - - [02/Sep/2025:16:03:55 +0100] "GET /js/sb-admin-2.min.js HTTP/1.1" 200 1265
0:0:0:0:0:0:0:1 - - [02/Sep/2025:16:03:55 +0100] "GET /vendor/bootstrap/js/bootstrap.bundle.min.js HTTP/1.1" 200 84378
0:0:0:0:0:0:0:1 - - [02/Sep/2025:16:03:55 +0100] "GET /vendor/chart.js/chart.js HTTP/1.1" 200 443106
0:0:0:0:0:0:0:1 - - [02/Sep/2025:16:04:04 +0100] "GET /admin/nvetudiant HTTP/1.1" 200 15094
0:0:0:0:0:0:0:1 - - [02/Sep/2025:16:04:04 +0100] "GET /vendor/fontawesome-free/css/all.min.css HTTP/1.1" 200 59344
0:0:0:0:0:0:0:1 - - [02/Sep/2025:16:04:04 +0100] "GET /img/undraw_profile.svg HTTP/1.1" 200 2820
0:0:0:0:0:0:0:1 - - [02/Sep/2025:16:04:04 +0100] "GET /vendor/bootstrap/js/bootstrap.bundle.min.js HTTP/1.1" 200 84378
0:0:0:0:0:0:0:1 - - [02/Sep/2025:16:04:04 +0100] "GET /vendor/jquery-easing/jquery.easing.min.js HTTP/1.1" 200 2532
0:0:0:0:0:0:0:1 - - [02/Sep/2025:16:04:04 +0100] "GET /css/sb-admin-2.min.css HTTP/1.1" 200 170737
0:0:0:0:0:0:0:1 - - [02/Sep/2025:16:04:04 +0100] "GET /vendor/jquery/jquery.min.js HTTP/1.1" 200 89501
0:0:0:0:0:0:0:1 - - [02/Sep/2025:16:04:04 +0100] "GET /vendor/chart.js/chart.js HTTP/1.1" 200 443106
0:0:0:0:0:0:0:1 - - [02/Sep/2025:16:04:04 +0100] "GET /js/sb-admin-2.min.js HTTP/1.1" 200 1265
0:0:0:0:0:0:0:1 - - [02/Sep/2025:16:04:04 +0100] "GET /vendor/fontawesome-free/webfonts/fa-solid-900.woff2 HTTP/1.1" 200 78196
0:0:0:0:0:0:0:1 - - [02/Sep/2025:16:04:54 +0100] "POST /admin/saveetudiant HTTP/1.1" 302 -
0:0:0:0:0:0:0:1 - - [02/Sep/2025:16:04:54 +0100] "GET /admin/nvetudiant HTTP/1.1" 200 15094
0:0:0:0:0:0:0:1 - - [02/Sep/2025:16:04:54 +0100] "GET /vendor/bootstrap/js/bootstrap.bundle.min.js HTTP/1.1" 200 84378
0:0:0:0:0:0:0:1 - - [02/Sep/2025:16:04:54 +0100] "GET /img/undraw_profile.svg HTTP/1.1" 200 2820
0:0:0:0:0:0:0:1 - - [02/Sep/2025:16:04:54 +0100] "GET /vendor/jquery-easing/jquery.easing.min.js HTTP/1.1" 200 2532
0:0:0:0:0:0:0:1 - - [02/Sep/2025:16:04:54 +0100] "GET /css/sb-admin-2.min.css HTTP/1.1" 200 170737
0:0:0:0:0:0:0:1 - - [02/Sep/2025:16:04:54 +0100] "GET /vendor/fontawesome-free/css/all.min.css HTTP/1.1" 200 59344
0:0:0:0:0:0:0:1 - - [02/Sep/2025:16:04:54 +0100] "GET /vendor/jquery/jquery.min.js HTTP/1.1" 200 89501
0:0:0:0:0:0:0:1 - - [02/Sep/2025:16:04:54 +0100] "GET /js/sb-admin-2.min.js HTTP/1.1" 200 1265
0:0:0:0:0:0:0:1 - - [02/Sep/2025:16:04:54 +0100] "GET /vendor/chart.js/chart.js HTTP/1.1" 200 443106
0:0:0:0:0:0:0:1 - - [02/Sep/2025:16:04:54 +0100] "GET /vendor/fontawesome-free/webfonts/fa-solid-900.woff2 HTTP/1.1" 200 78196
0:0:0:0:0:0:0:1 - - [02/Sep/2025:16:04:56 +0100] "GET /user/home HTTP/1.1" 200 17228
0:0:0:0:0:0:0:1 - - [02/Sep/2025:16:04:56 +0100] "GET /vendor/fontawesome-free/css/all.min.css HTTP/1.1" 200 59344
0:0:0:0:0:0:0:1 - - [02/Sep/2025:16:04:56 +0100] "GET /img/undraw_profile.svg HTTP/1.1" 200 2820
0:0:0:0:0:0:0:1 - - [02/Sep/2025:16:04:56 +0100] "GET /vendor/da2.js HTTP/1.1" 200 1733
0:0:0:0:0:0:0:1 - - [02/Sep/2025:16:04:56 +0100] "GET /vendor/jquery/jquery.min.js HTTP/1.1" 200 89501
0:0:0:0:0:0:0:1 - - [02/Sep/2025:16:04:56 +0100] "GET /css/sb-admin-2.min.css HTTP/1.1" 200 170737
0:0:0:0:0:0:0:1 - - [02/Sep/2025:16:04:56 +0100] "GET /vendor/jquery-easing/jquery.easing.min.js HTTP/1.1" 200 2532
0:0:0:0:0:0:0:1 - - [02/Sep/2025:16:04:56 +0100] "GET /vendor/chart.js/chart.js HTTP/1.1" 200 443106
0:0:0:0:0:0:0:1 - - [02/Sep/2025:16:04:56 +0100] "GET /vendor/bootstrap/js/bootstrap.bundle.min.js HTTP/1.1" 200 84378
0:0:0:0:0:0:0:1 - - [02/Sep/2025:16:04:56 +0100] "GET /js/sb-admin-2.min.js HTTP/1.1" 200 1265
0:0:0:0:0:0:0:1 - - [02/Sep/2025:16:04:56 +0100] "GET /vendor/fontawesome-free/webfonts/fa-solid-900.woff2 HTTP/1.1" 200 78196
0:0:0:0:0:0:0:1 - - [02/Sep/2025:16:05:01 +0100] "GET /vendor/fontawesome-free/css/all.min.css HTTP/1.1" 200 59344
0:0:0:0:0:0:0:1 - - [02/Sep/2025:16:05:01 +0100] "GET /css/sb-admin-2.min.css HTTP/1.1" 200 170737
0:0:0:0:0:0:0:1 - - [02/Sep/2025:16:05:01 +0100] "GET /vendor/fontawesome-free/webfonts/fa-solid-900.woff2 HTTP/1.1" 200 78196
0:0:0:0:0:0:0:1 - - [02/Sep/2025:16:05:01 +0100] "GET /user/listetudiant HTTP/1.1" 200 16596
0:0:0:0:0:0:0:1 - - [02/Sep/2025:16:05:01 +0100] "GET /js/sb-admin-2.min.js HTTP/1.1" 200 1265
0:0:0:0:0:0:0:1 - - [02/Sep/2025:16:05:01 +0100] "GET /vendor/jquery/jquery.min.js HTTP/1.1" 200 89501
0:0:0:0:0:0:0:1 - - [02/Sep/2025:16:05:01 +0100] "GET /vendor/jquery-easing/jquery.easing.min.js HTTP/1.1" 200 2532
0:0:0:0:0:0:0:1 - - [02/Sep/2025:16:05:01 +0100] "GET /vendor/bootstrap/js/bootstrap.bundle.min.js HTTP/1.1" 200 84378
0:0:0:0:0:0:0:1 - - [02/Sep/2025:16:05:01 +0100] "GET /img/undraw_profile.svg HTTP/1.1" 200 2820
0:0:0:0:0:0:0:1 - - [02/Sep/2025:16:05:01 +0100] "GET /vendor/chart.js/chart.js HTTP/1.1" 200 443106
0:0:0:0:0:0:0:1 - - [02/Sep/2025:16:05:20 +0100] "GET /vendor/fontawesome-free/css/all.min.css HTTP/1.1" 200 59344
0:0:0:0:0:0:0:1 - - [02/Sep/2025:16:05:20 +0100] "GET /css/sb-admin-2.min.css HTTP/1.1" 200 170737
0:0:0:0:0:0:0:1 - - [02/Sep/2025:16:05:20 +0100] "GET /admin/editetudiant?id=2 HTTP/1.1" 200 15588
0:0:0:0:0:0:0:1 - - [02/Sep/2025:16:05:20 +0100] "GET /vendor/bootstrap/js/bootstrap.bundle.min.js HTTP/1.1" 200 84378
0:0:0:0:0:0:0:1 - - [02/Sep/2025:16:05:20 +0100] "GET /vendor/jquery-easing/jquery.easing.min.js HTTP/1.1" 200 2532
0:0:0:0:0:0:0:1 - - [02/Sep/2025:16:05:20 +0100] "GET /img/undraw_profile.svg HTTP/1.1" 200 2820
0:0:0:0:0:0:0:1 - - [02/Sep/2025:16:05:20 +0100] "GET /js/sb-admin-2.min.js HTTP/1.1" 200 1265
0:0:0:0:0:0:0:1 - - [02/Sep/2025:16:05:20 +0100] "GET /vendor/jquery/jquery.min.js HTTP/1.1" 200 89501
0:0:0:0:0:0:0:1 - - [02/Sep/2025:16:05:20 +0100] "GET /vendor/fontawesome-free/webfonts/fa-solid-900.woff2 HTTP/1.1" 200 78196
0:0:0:0:0:0:0:1 - - [02/Sep/2025:16:05:20 +0100] "GET /vendor/chart.js/chart.js HTTP/1.1" 200 443106
0:0:0:0:0:0:0:1 - - [02/Sep/2025:16:05:35 +0100] "POST /admin/updateetudiant HTTP/1.1" 302 -
0:0:0:0:0:0:0:1 - - [02/Sep/2025:16:05:35 +0100] "GET /user/listetudiant HTTP/1.1" 200 16627
0:0:0:0:0:0:0:1 - - [02/Sep/2025:16:05:35 +0100] "GET /img/undraw_profile.svg HTTP/1.1" 200 2820
0:0:0:0:0:0:0:1 - - [02/Sep/2025:16:05:35 +0100] "GET /vendor/bootstrap/js/bootstrap.bundle.min.js HTTP/1.1" 200 84378
0:0:0:0:0:0:0:1 - - [02/Sep/2025:16:05:35 +0100] "GET /vendor/fontawesome-free/css/all.min.css HTTP/1.1" 200 59344
0:0:0:0:0:0:0:1 - - [02/Sep/2025:16:05:35 +0100] "GET /js/sb-admin-2.min.js HTTP/1.1" 200 1265
0:0:0:0:0:0:0:1 - - [02/Sep/2025:16:05:35 +0100] "GET /vendor/chart.js/chart.js HTTP/1.1" 200 443106
0:0:0:0:0:0:0:1 - - [02/Sep/2025:16:05:35 +0100] "GET /css/sb-admin-2.min.css HTTP/1.1" 200 170737
0:0:0:0:0:0:0:1 - - [02/Sep/2025:16:05:35 +0100] "GET /vendor/jquery/jquery.min.js HTTP/1.1" 200 89501
0:0:0:0:0:0:0:1 - - [02/Sep/2025:16:05:35 +0100] "GET /vendor/jquery-easing/jquery.easing.min.js HTTP/1.1" 200 2532
0:0:0:0:0:0:0:1 - - [02/Sep/2025:16:05:35 +0100] "GET /vendor/fontawesome-free/webfonts/fa-solid-900.woff2 HTTP/1.1" 200 78196
0:0:0:0:0:0:0:1 - - [02/Sep/2025:16:05:58 +0100] "GET /admin/deleteetudiant?id=2&size=5&motCle=&page=0 HTTP/1.1" 302 -
0:0:0:0:0:0:0:1 - - [02/Sep/2025:16:05:58 +0100] "GET /user/listetudiant?page=0&size=5&motCle= HTTP/1.1" 200 15867
0:0:0:0:0:0:0:1 - - [02/Sep/2025:16:05:58 +0100] "GET /vendor/fontawesome-free/css/all.min.css HTTP/1.1" 200 59344
0:0:0:0:0:0:0:1 - - [02/Sep/2025:16:05:59 +0100] "GET /vendor/jquery/jquery.min.js HTTP/1.1" 200 89501
0:0:0:0:0:0:0:1 - - [02/Sep/2025:16:05:59 +0100] "GET /vendor/bootstrap/js/bootstrap.bundle.min.js HTTP/1.1" 200 84378
0:0:0:0:0:0:0:1 - - [02/Sep/2025:16:05:59 +0100] "GET /vendor/jquery-easing/jquery.easing.min.js HTTP/1.1" 200 2532
0:0:0:0:0:0:0:1 - - [02/Sep/2025:16:05:59 +0100] "GET /js/sb-admin-2.min.js HTTP/1.1" 200 1265
0:0:0:0:0:0:0:1 - - [02/Sep/2025:16:05:59 +0100] "GET /img/undraw_profile.svg HTTP/1.1" 200 2820
0:0:0:0:0:0:0:1 - - [02/Sep/2025:16:05:59 +0100] "GET /css/sb-admin-2.min.css HTTP/1.1" 200 170737
0:0:0:0:0:0:0:1 - - [02/Sep/2025:16:05:59 +0100] "GET /vendor/fontawesome-free/webfonts/fa-solid-900.woff2 HTTP/1.1" 200 78196
0:0:0:0:0:0:0:1 - - [02/Sep/2025:16:05:59 +0100] "GET /vendor/chart.js/chart.js HTTP/1.1" 200 443106
0:0:0:0:0:0:0:1 - - [02/Sep/2025:16:06:06 +0100] "GET /user/listefiliere HTTP/1.1" 200 17796
0:0:0:0:0:0:0:1 - - [02/Sep/2025:16:06:06 +0100] "GET /vendor/jquery-easing/jquery.easing.min.js HTTP/1.1" 200 2532
0:0:0:0:0:0:0:1 - - [02/Sep/2025:16:06:06 +0100] "GET /vendor/fontawesome-free/css/all.min.css HTTP/1.1" 200 59344
0:0:0:0:0:0:0:1 - - [02/Sep/2025:16:06:06 +0100] "GET /img/undraw_profile.svg HTTP/1.1" 200 2820
0:0:0:0:0:0:0:1 - - [02/Sep/2025:16:06:06 +0100] "GET /css/sb-admin-2.min.css HTTP/1.1" 200 170737
0:0:0:0:0:0:0:1 - - [02/Sep/2025:16:06:06 +0100] "GET /vendor/bootstrap/js/bootstrap.bundle.min.js HTTP/1.1" 200 84378
0:0:0:0:0:0:0:1 - - [02/Sep/2025:16:06:06 +0100] "GET /vendor/jquery/jquery.min.js HTTP/1.1" 200 89501
0:0:0:0:0:0:0:1 - - [02/Sep/2025:16:06:06 +0100] "GET /js/sb-admin-2.min.js HTTP/1.1" 200 1265
0:0:0:0:0:0:0:1 - - [02/Sep/2025:16:06:06 +0100] "GET /vendor/chart.js/chart.js HTTP/1.1" 200 443106
0:0:0:0:0:0:0:1 - - [02/Sep/2025:16:06:06 +0100] "GET /vendor/fontawesome-free/webfonts/fa-solid-900.woff2 HTTP/1.1" 200 78196
0:0:0:0:0:0:0:1 - - [02/Sep/2025:16:06:12 +0100] "GET /vendor/fontawesome-free/css/all.min.css HTTP/1.1" 200 59344
0:0:0:0:0:0:0:1 - - [02/Sep/2025:16:06:12 +0100] "GET /user/listeetudiantinfiliere?id=1 HTTP/1.1" 200 16086
0:0:0:0:0:0:0:1 - - [02/Sep/2025:16:06:12 +0100] "GET /vendor/jquery-easing/jquery.easing.min.js HTTP/1.1" 200 2532
0:0:0:0:0:0:0:1 - - [02/Sep/2025:16:06:12 +0100] "GET /vendor/jquery/jquery.min.js HTTP/1.1" 200 89501
0:0:0:0:0:0:0:1 - - [02/Sep/2025:16:06:12 +0100] "GET /css/sb-admin-2.min.css HTTP/1.1" 200 170737
0:0:0:0:0:0:0:1 - - [02/Sep/2025:16:06:12 +0100] "GET /img/undraw_profile.svg HTTP/1.1" 200 2820
0:0:0:0:0:0:0:1 - - [02/Sep/2025:16:06:12 +0100] "GET /js/sb-admin-2.min.js HTTP/1.1" 200 1265
0:0:0:0:0:0:0:1 - - [02/Sep/2025:16:06:12 +0100] "GET /vendor/bootstrap/js/bootstrap.bundle.min.js HTTP/1.1" 200 84378
0:0:0:0:0:0:0:1 - - [02/Sep/2025:16:06:12 +0100] "GET /vendor/chart.js/chart.js HTTP/1.1" 200 443106
0:0:0:0:0:0:0:1 - - [02/Sep/2025:16:06:12 +0100] "GET /vendor/fontawesome-free/webfonts/fa-solid-900.woff2 HTTP/1.1" 200 78196
0:0:0:0:0:0:0:1 - - [02/Sep/2025:16:06:22 +0100] "GET /admin/editfiliere?id=2 HTTP/1.1" 200 14572
0:0:0:0:0:0:0:1 - - [02/Sep/2025:16:06:23 +0100] "GET /vendor/fontawesome-free/css/all.min.css HTTP/1.1" 200 59344
0:0:0:0:0:0:0:1 - - [02/Sep/2025:16:06:23 +0100] "GET /img/undraw_profile.svg HTTP/1.1" 200 2820
0:0:0:0:0:0:0:1 - - [02/Sep/2025:16:06:23 +0100] "GET /vendor/jquery/jquery.min.js HTTP/1.1" 200 89501
0:0:0:0:0:0:0:1 - - [02/Sep/2025:16:06:23 +0100] "GET /vendor/bootstrap/js/bootstrap.bundle.min.js HTTP/1.1" 200 84378
0:0:0:0:0:0:0:1 - - [02/Sep/2025:16:06:23 +0100] "GET /vendor/jquery-easing/jquery.easing.min.js HTTP/1.1" 200 2532
0:0:0:0:0:0:0:1 - - [02/Sep/2025:16:06:23 +0100] "GET /css/sb-admin-2.min.css HTTP/1.1" 200 170737
0:0:0:0:0:0:0:1 - - [02/Sep/2025:16:06:23 +0100] "GET /vendor/chart.js/chart.js HTTP/1.1" 200 443106
0:0:0:0:0:0:0:1 - - [02/Sep/2025:16:06:23 +0100] "GET /vendor/fontawesome-free/webfonts/fa-solid-900.woff2 HTTP/1.1" 200 78196
0:0:0:0:0:0:0:1 - - [02/Sep/2025:16:06:23 +0100] "GET /js/sb-admin-2.min.js HTTP/1.1" 200 1265
0:0:0:0:0:0:0:1 - - [02/Sep/2025:16:06:27 +0100] "POST /admin/savefiliere HTTP/1.1" 302 -
0:0:0:0:0:0:0:1 - - [02/Sep/2025:16:06:27 +0100] "GET /user/listefiliere HTTP/1.1" 200 17800
0:0:0:0:0:0:0:1 - - [02/Sep/2025:16:06:27 +0100] "GET /vendor/jquery-easing/jquery.easing.min.js HTTP/1.1" 200 2532
0:0:0:0:0:0:0:1 - - [02/Sep/2025:16:06:27 +0100] "GET /vendor/bootstrap/js/bootstrap.bundle.min.js HTTP/1.1" 200 84378
0:0:0:0:0:0:0:1 - - [02/Sep/2025:16:06:27 +0100] "GET /vendor/fontawesome-free/css/all.min.css HTTP/1.1" 200 59344
0:0:0:0:0:0:0:1 - - [02/Sep/2025:16:06:27 +0100] "GET /img/undraw_profile.svg HTTP/1.1" 200 2820
0:0:0:0:0:0:0:1 - - [02/Sep/2025:16:06:27 +0100] "GET /js/sb-admin-2.min.js HTTP/1.1" 200 1265
0:0:0:0:0:0:0:1 - - [02/Sep/2025:16:06:27 +0100] "GET /vendor/jquery/jquery.min.js HTTP/1.1" 200 89501
0:0:0:0:0:0:0:1 - - [02/Sep/2025:16:06:27 +0100] "GET /css/sb-admin-2.min.css HTTP/1.1" 200 170737
0:0:0:0:0:0:0:1 - - [02/Sep/2025:16:06:27 +0100] "GET /vendor/chart.js/chart.js HTTP/1.1" 200 443106
0:0:0:0:0:0:0:1 - - [02/Sep/2025:16:06:27 +0100] "GET /vendor/fontawesome-free/webfonts/fa-solid-900.woff2 HTTP/1.1" 200 78196
0:0:0:0:0:0:0:1 - - [02/Sep/2025:16:06:36 +0100] "GET /user/listefiliere HTTP/1.1" 200 17800
0:0:0:0:0:0:0:1 - - [02/Sep/2025:16:06:36 +0100] "GET /img/undraw_profile.svg HTTP/1.1" 200 2820
0:0:0:0:0:0:0:1 - - [02/Sep/2025:16:06:36 +0100] "GET /vendor/jquery/jquery.min.js HTTP/1.1" 200 89501
0:0:0:0:0:0:0:1 - - [02/Sep/2025:16:06:36 +0100] "GET /vendor/bootstrap/js/bootstrap.bundle.min.js HTTP/1.1" 200 84378
0:0:0:0:0:0:0:1 - - [02/Sep/2025:16:06:36 +0100] "GET /css/sb-admin-2.min.css HTTP/1.1" 200 170737
0:0:0:0:0:0:0:1 - - [02/Sep/2025:16:06:36 +0100] "GET /vendor/jquery-easing/jquery.easing.min.js HTTP/1.1" 200 2532
0:0:0:0:0:0:0:1 - - [02/Sep/2025:16:06:36 +0100] "GET /vendor/fontawesome-free/css/all.min.css HTTP/1.1" 200 59344
0:0:0:0:0:0:0:1 - - [02/Sep/2025:16:06:36 +0100] "GET /js/sb-admin-2.min.js HTTP/1.1" 200 1265
0:0:0:0:0:0:0:1 - - [02/Sep/2025:16:06:36 +0100] "GET /vendor/chart.js/chart.js HTTP/1.1" 200 443106
0:0:0:0:0:0:0:1 - - [02/Sep/2025:16:06:36 +0100] "GET /vendor/fontawesome-free/webfonts/fa-solid-900.woff2 HTTP/1.1" 200 78196
0:0:0:0:0:0:0:1 - - [02/Sep/2025:16:06:45 +0100] "GET /user/listefiliere?motCle=D HTTP/1.1" 200 16073
0:0:0:0:0:0:0:1 - - [02/Sep/2025:16:06:45 +0100] "GET /vendor/bootstrap/js/bootstrap.bundle.min.js HTTP/1.1" 200 84378
0:0:0:0:0:0:0:1 - - [02/Sep/2025:16:06:45 +0100] "GET /vendor/jquery/jquery.min.js HTTP/1.1" 200 89501
0:0:0:0:0:0:0:1 - - [02/Sep/2025:16:06:45 +0100] "GET /img/undraw_profile.svg HTTP/1.1" 200 2820
0:0:0:0:0:0:0:1 - - [02/Sep/2025:16:06:45 +0100] "GET /vendor/jquery-easing/jquery.easing.min.js HTTP/1.1" 200 2532
0:0:0:0:0:0:0:1 - - [02/Sep/2025:16:06:45 +0100] "GET /vendor/fontawesome-free/css/all.min.css HTTP/1.1" 200 59344
0:0:0:0:0:0:0:1 - - [02/Sep/2025:16:06:45 +0100] "GET /css/sb-admin-2.min.css HTTP/1.1" 200 170737
0:0:0:0:0:0:0:1 - - [02/Sep/2025:16:06:45 +0100] "GET /js/sb-admin-2.min.js HTTP/1.1" 200 1265
0:0:0:0:0:0:0:1 - - [02/Sep/2025:16:06:45 +0100] "GET /vendor/chart.js/chart.js HTTP/1.1" 200 443106
0:0:0:0:0:0:0:1 - - [02/Sep/2025:16:06:45 +0100] "GET /vendor/fontawesome-free/webfonts/fa-solid-900.woff2 HTTP/1.1" 200 78196
0:0:0:0:0:0:0:1 - - [02/Sep/2025:16:06:55 +0100] "GET /user/home HTTP/1.1" 200 17228
0:0:0:0:0:0:0:1 - - [02/Sep/2025:16:06:55 +0100] "GET /vendor/jquery/jquery.min.js HTTP/1.1" 200 89501
0:0:0:0:0:0:0:1 - - [02/Sep/2025:16:06:55 +0100] "GET /vendor/da2.js HTTP/1.1" 200 1733
0:0:0:0:0:0:0:1 - - [02/Sep/2025:16:06:55 +0100] "GET /css/sb-admin-2.min.css HTTP/1.1" 200 170737
0:0:0:0:0:0:0:1 - - [02/Sep/2025:16:06:55 +0100] "GET /img/undraw_profile.svg HTTP/1.1" 200 2820
0:0:0:0:0:0:0:1 - - [02/Sep/2025:16:06:55 +0100] "GET /vendor/fontawesome-free/css/all.min.css HTTP/1.1" 200 59344
0:0:0:0:0:0:0:1 - - [02/Sep/2025:16:06:55 +0100] "GET /vendor/bootstrap/js/bootstrap.bundle.min.js HTTP/1.1" 200 84378
0:0:0:0:0:0:0:1 - - [02/Sep/2025:16:06:55 +0100] "GET /vendor/jquery-easing/jquery.easing.min.js HTTP/1.1" 200 2532
0:0:0:0:0:0:0:1 - - [02/Sep/2025:16:06:55 +0100] "GET /js/sb-admin-2.min.js HTTP/1.1" 200 1265
0:0:0:0:0:0:0:1 - - [02/Sep/2025:16:06:55 +0100] "GET /vendor/chart.js/chart.js HTTP/1.1" 200 443106
0:0:0:0:0:0:0:1 - - [02/Sep/2025:16:06:55 +0100] "GET /vendor/fontawesome-free/webfonts/fa-solid-900.woff2 HTTP/1.1" 200 78196
0:0:0:0:0:0:0:1 - - [02/Sep/2025:16:07:10 +0100] "GET /user/listetudiant HTTP/1.1" 200 15867
0:0:0:0:0:0:0:1 - - [02/Sep/2025:16:07:10 +0100] "GET /vendor/jquery-easing/jquery.easing.min.js HTTP/1.1" 200 2532
0:0:0:0:0:0:0:1 - - [02/Sep/2025:16:07:10 +0100] "GET /vendor/bootstrap/js/bootstrap.bundle.min.js HTTP/1.1" 200 84378
0:0:0:0:0:0:0:1 - - [02/Sep/2025:16:07:10 +0100] "GET /vendor/jquery/jquery.min.js HTTP/1.1" 200 89501
0:0:0:0:0:0:0:1 - - [02/Sep/2025:16:07:10 +0100] "GET /img/undraw_profile.svg HTTP/1.1" 200 2820
0:0:0:0:0:0:0:1 - - [02/Sep/2025:16:07:10 +0100] "GET /js/sb-admin-2.min.js HTTP/1.1" 200 1265
0:0:0:0:0:0:0:1 - - [02/Sep/2025:16:07:10 +0100] "GET /vendor/fontawesome-free/css/all.min.css HTTP/1.1" 200 59344
0:0:0:0:0:0:0:1 - - [02/Sep/2025:16:07:10 +0100] "GET /vendor/chart.js/chart.js HTTP/1.1" 200 443106
0:0:0:0:0:0:0:1 - - [02/Sep/2025:16:07:10 +0100] "GET /css/sb-admin-2.min.css HTTP/1.1" 200 170737
0:0:0:0:0:0:0:1 - - [02/Sep/2025:16:07:10 +0100] "GET /vendor/fontawesome-free/webfonts/fa-solid-900.woff2 HTTP/1.1" 200 78196
0:0:0:0:0:0:0:1 - - [02/Sep/2025:16:07:24 +0100] "GET /admin/add-user HTTP/1.1" 200 15103
0:0:0:0:0:0:0:1 - - [02/Sep/2025:16:07:24 +0100] "GET /img/undraw_profile.svg HTTP/1.1" 200 2820
0:0:0:0:0:0:0:1 - - [02/Sep/2025:16:07:24 +0100] "GET /vendor/bootstrap/js/bootstrap.bundle.min.js HTTP/1.1" 200 84378
0:0:0:0:0:0:0:1 - - [02/Sep/2025:16:07:24 +0100] "GET /vendor/jquery-easing/jquery.easing.min.js HTTP/1.1" 200 2532
0:0:0:0:0:0:0:1 - - [02/Sep/2025:16:07:24 +0100] "GET /vendor/fontawesome-free/css/all.min.css HTTP/1.1" 200 59344
0:0:0:0:0:0:0:1 - - [02/Sep/2025:16:07:24 +0100] "GET /css/sb-admin-2.min.css HTTP/1.1" 200 170737
0:0:0:0:0:0:0:1 - - [02/Sep/2025:16:07:24 +0100] "GET /vendor/jquery/jquery.min.js HTTP/1.1" 200 89501
0:0:0:0:0:0:0:1 - - [02/Sep/2025:16:07:24 +0100] "GET /js/sb-admin-2.min.js HTTP/1.1" 200 1265
0:0:0:0:0:0:0:1 - - [02/Sep/2025:16:07:24 +0100] "GET /vendor/chart.js/chart.js HTTP/1.1" 200 443106
0:0:0:0:0:0:0:1 - - [02/Sep/2025:16:07:24 +0100] "GET /vendor/fontawesome-free/webfonts/fa-solid-900.woff2 HTTP/1.1" 200 78196
0:0:0:0:0:0:0:1 - - [02/Sep/2025:16:07:40 +0100] "POST /addUser HTTP/1.1" 200 15236
0:0:0:0:0:0:0:1 - - [02/Sep/2025:16:07:40 +0100] "GET /vendor/fontawesome-free/css/all.min.css HTTP/1.1" 200 59344
0:0:0:0:0:0:0:1 - - [02/Sep/2025:16:07:40 +0100] "GET /img/undraw_profile.svg HTTP/1.1" 200 2820
0:0:0:0:0:0:0:1 - - [02/Sep/2025:16:07:40 +0100] "GET /vendor/jquery/jquery.min.js HTTP/1.1" 200 89501
0:0:0:0:0:0:0:1 - - [02/Sep/2025:16:07:40 +0100] "GET /vendor/bootstrap/js/bootstrap.bundle.min.js HTTP/1.1" 200 84378
0:0:0:0:0:0:0:1 - - [02/Sep/2025:16:07:40 +0100] "GET /js/sb-admin-2.min.js HTTP/1.1" 200 1265
0:0:0:0:0:0:0:1 - - [02/Sep/2025:16:07:40 +0100] "GET /vendor/jquery-easing/jquery.easing.min.js HTTP/1.1" 200 2532
0:0:0:0:0:0:0:1 - - [02/Sep/2025:16:07:40 +0100] "GET /css/sb-admin-2.min.css HTTP/1.1" 200 170737
0:0:0:0:0:0:0:1 - - [02/Sep/2025:16:07:40 +0100] "GET /vendor/chart.js/chart.js HTTP/1.1" 200 443106
0:0:0:0:0:0:0:1 - - [02/Sep/2025:16:07:40 +0100] "GET /vendor/fontawesome-free/webfonts/fa-solid-900.woff2 HTTP/1.1" 200 78196
0:0:0:0:0:0:0:1 - - [02/Sep/2025:16:08:00 +0100] "POST /logout HTTP/1.1" 302 -
0:0:0:0:0:0:0:1 - - [02/Sep/2025:16:08:00 +0100] "GET /login?logout HTTP/1.1" 302 -
0:0:0:0:0:0:0:1 - - [02/Sep/2025:16:08:00 +0100] "GET /login HTTP/1.1" 200 6107
0:0:0:0:0:0:0:1 - - [02/Sep/2025:16:08:00 +0100] "GET /js/sb-admin-2.min.js HTTP/1.1" 200 1265
0:0:0:0:0:0:0:1 - - [02/Sep/2025:16:08:00 +0100] "GET /vendor/bootstrap/js/bootstrap.bundle.min.js HTTP/1.1" 200 84378
0:0:0:0:0:0:0:1 - - [02/Sep/2025:16:08:00 +0100] "GET /vendor/jquery-easing/jquery.easing.min.js HTTP/1.1" 200 2532
0:0:0:0:0:0:0:1 - - [02/Sep/2025:16:08:00 +0100] "GET /vendor/fontawesome-free/css/all.min.css HTTP/1.1" 200 59344
0:0:0:0:0:0:0:1 - - [02/Sep/2025:16:08:00 +0100] "GET /vendor/jquery/jquery.min.js HTTP/1.1" 200 89501
0:0:0:0:0:0:0:1 - - [02/Sep/2025:16:08:00 +0100] "GET /css/sb-admin-2.min.css HTTP/1.1" 200 170737
0:0:0:0:0:0:0:1 - - [02/Sep/2025:16:08:00 +0100] "GET /vendor/fontawesome-free/webfonts/fa-brands-400.woff2 HTTP/1.1" 200 76764
0:0:0:0:0:0:0:1 - - [02/Sep/2025:16:08:06 +0100] "POST /login HTTP/1.1" 302 -
0:0:0:0:0:0:0:1 - - [02/Sep/2025:16:08:06 +0100] "GET /login?logout&continue HTTP/1.1" 200 6107
0:0:0:0:0:0:0:1 - - [02/Sep/2025:16:08:06 +0100] "GET /vendor/jquery/jquery.min.js HTTP/1.1" 200 89501
0:0:0:0:0:0:0:1 - - [02/Sep/2025:16:08:06 +0100] "GET /vendor/fontawesome-free/css/all.min.css HTTP/1.1" 200 59344
0:0:0:0:0:0:0:1 - - [02/Sep/2025:16:08:06 +0100] "GET /vendor/bootstrap/js/bootstrap.bundle.min.js HTTP/1.1" 200 84378
0:0:0:0:0:0:0:1 - - [02/Sep/2025:16:08:06 +0100] "GET /vendor/jquery-easing/jquery.easing.min.js HTTP/1.1" 200 2532
0:0:0:0:0:0:0:1 - - [02/Sep/2025:16:08:06 +0100] "GET /css/sb-admin-2.min.css HTTP/1.1" 200 170737
0:0:0:0:0:0:0:1 - - [02/Sep/2025:16:08:06 +0100] "GET /js/sb-admin-2.min.js HTTP/1.1" 200 1265
0:0:0:0:0:0:0:1 - - [02/Sep/2025:16:08:06 +0100] "GET /vendor/fontawesome-free/webfonts/fa-brands-400.woff2 HTTP/1.1" 200 76764
0:0:0:0:0:0:0:1 - - [02/Sep/2025:16:08:12 +0100] "POST /login HTTP/1.1" 302 -
0:0:0:0:0:0:0:1 - - [02/Sep/2025:16:08:12 +0100] "GET / HTTP/1.1" 302 -
0:0:0:0:0:0:0:1 - - [02/Sep/2025:16:08:12 +0100] "GET /user/home HTTP/1.1" 200 17088
0:0:0:0:0:0:0:1 - - [02/Sep/2025:16:08:13 +0100] "GET /img/undraw_profile.svg HTTP/1.1" 200 2820
0:0:0:0:0:0:0:1 - - [02/Sep/2025:16:08:13 +0100] "GET /css/sb-admin-2.min.css HTTP/1.1" 200 170737
0:0:0:0:0:0:0:1 - - [02/Sep/2025:16:08:13 +0100] "GET /vendor/da2.js HTTP/1.1" 200 1733
0:0:0:0:0:0:0:1 - - [02/Sep/2025:16:08:13 +0100] "GET /vendor/jquery/jquery.min.js HTTP/1.1" 200 89501
0:0:0:0:0:0:0:1 - - [02/Sep/2025:16:08:13 +0100] "GET /vendor/fontawesome-free/css/all.min.css HTTP/1.1" 200 59344
0:0:0:0:0:0:0:1 - - [02/Sep/2025:16:08:13 +0100] "GET /vendor/fontawesome-free/webfonts/fa-solid-900.woff2 HTTP/1.1" 200 78196
0:0:0:0:0:0:0:1 - - [02/Sep/2025:16:08:13 +0100] "GET /vendor/bootstrap/js/bootstrap.bundle.min.js HTTP/1.1" 200 84378
0:0:0:0:0:0:0:1 - - [02/Sep/2025:16:08:13 +0100] "GET /vendor/jquery-easing/jquery.easing.min.js HTTP/1.1" 200 2532
0:0:0:0:0:0:0:1 - - [02/Sep/2025:16:08:13 +0100] "GET /js/sb-admin-2.min.js HTTP/1.1" 200 1265
0:0:0:0:0:0:0:1 - - [02/Sep/2025:16:08:13 +0100] "GET /vendor/chart.js/chart.js HTTP/1.1" 200 443106
0:0:0:0:0:0:0:1 - - [02/Sep/2025:16:08:20 +0100] "GET /user/listetudiant HTTP/1.1" 200 15212
0:0:0:0:0:0:0:1 - - [02/Sep/2025:16:08:20 +0100] "GET /vendor/fontawesome-free/css/all.min.css HTTP/1.1" 200 59344
0:0:0:0:0:0:0:1 - - [02/Sep/2025:16:08:20 +0100] "GET /img/undraw_profile.svg HTTP/1.1" 200 2820
0:0:0:0:0:0:0:1 - - [02/Sep/2025:16:08:20 +0100] "GET /vendor/jquery-easing/jquery.easing.min.js HTTP/1.1" 200 2532
0:0:0:0:0:0:0:1 - - [02/Sep/2025:16:08:20 +0100] "GET /js/sb-admin-2.min.js HTTP/1.1" 200 1265
0:0:0:0:0:0:0:1 - - [02/Sep/2025:16:08:20 +0100] "GET /css/sb-admin-2.min.css HTTP/1.1" 200 170737
0:0:0:0:0:0:0:1 - - [02/Sep/2025:16:08:20 +0100] "GET /vendor/bootstrap/js/bootstrap.bundle.min.js HTTP/1.1" 200 84378
0:0:0:0:0:0:0:1 - - [02/Sep/2025:16:08:20 +0100] "GET /vendor/jquery/jquery.min.js HTTP/1.1" 200 89501
0:0:0:0:0:0:0:1 - - [02/Sep/2025:16:08:20 +0100] "GET /vendor/chart.js/chart.js HTTP/1.1" 200 443106
0:0:0:0:0:0:0:1 - - [02/Sep/2025:16:08:20 +0100] "GET /vendor/fontawesome-free/webfonts/fa-solid-900.woff2 HTTP/1.1" 200 78196
0:0:0:0:0:0:0:1 - - [02/Sep/2025:16:08:24 +0100] "GET /user/listetudiant HTTP/1.1" 200 15212
0:0:0:0:0:0:0:1 - - [02/Sep/2025:16:08:24 +0100] "GET /vendor/jquery-easing/jquery.easing.min.js HTTP/1.1" 200 2532
0:0:0:0:0:0:0:1 - - [02/Sep/2025:16:08:24 +0100] "GET /vendor/bootstrap/js/bootstrap.bundle.min.js HTTP/1.1" 200 84378
0:0:0:0:0:0:0:1 - - [02/Sep/2025:16:08:24 +0100] "GET /vendor/jquery/jquery.min.js HTTP/1.1" 200 89501
0:0:0:0:0:0:0:1 - - [02/Sep/2025:16:08:24 +0100] "GET /img/undraw_profile.svg HTTP/1.1" 200 2820
0:0:0:0:0:0:0:1 - - [02/Sep/2025:16:08:24 +0100] "GET /vendor/fontawesome-free/css/all.min.css HTTP/1.1" 200 59344
0:0:0:0:0:0:0:1 - - [02/Sep/2025:16:08:24 +0100] "GET /css/sb-admin-2.min.css HTTP/1.1" 200 170737
0:0:0:0:0:0:0:1 - - [02/Sep/2025:16:08:24 +0100] "GET /js/sb-admin-2.min.js HTTP/1.1" 200 1265
0:0:0:0:0:0:0:1 - - [02/Sep/2025:16:08:24 +0100] "GET /vendor/chart.js/chart.js HTTP/1.1" 200 443106
0:0:0:0:0:0:0:1 - - [02/Sep/2025:16:08:24 +0100] "GET /vendor/fontawesome-free/webfonts/fa-solid-900.woff2 HTTP/1.1" 200 78196
0:0:0:0:0:0:0:1 - - [02/Sep/2025:16:08:29 +0100] "GET /user/etudiants/pdf HTTP/1.1" 200 1344
0:0:0:0:0:0:0:1 - - [02/Sep/2025:16:08:42 +0100] "GET /admin/add-user HTTP/1.1" 200 14963
0:0:0:0:0:0:0:1 - - [02/Sep/2025:16:08:42 +0100] "GET /img/undraw_profile.svg HTTP/1.1" 200 2820
0:0:0:0:0:0:0:1 - - [02/Sep/2025:16:08:42 +0100] "GET /vendor/bootstrap/js/bootstrap.bundle.min.js HTTP/1.1" 200 84378
0:0:0:0:0:0:0:1 - - [02/Sep/2025:16:08:42 +0100] "GET /vendor/jquery-easing/jquery.easing.min.js HTTP/1.1" 200 2532
0:0:0:0:0:0:0:1 - - [02/Sep/2025:16:08:42 +0100] "GET /vendor/jquery/jquery.min.js HTTP/1.1" 200 89501
0:0:0:0:0:0:0:1 - - [02/Sep/2025:16:08:42 +0100] "GET /vendor/fontawesome-free/css/all.min.css HTTP/1.1" 200 59344
0:0:0:0:0:0:0:1 - - [02/Sep/2025:16:08:42 +0100] "GET /js/sb-admin-2.min.js HTTP/1.1" 200 1265
0:0:0:0:0:0:0:1 - - [02/Sep/2025:16:08:42 +0100] "GET /css/sb-admin-2.min.css HTTP/1.1" 200 170737
0:0:0:0:0:0:0:1 - - [02/Sep/2025:16:08:42 +0100] "GET /vendor/chart.js/chart.js HTTP/1.1" 200 443106
0:0:0:0:0:0:0:1 - - [02/Sep/2025:16:08:42 +0100] "GET /vendor/fontawesome-free/webfonts/fa-solid-900.woff2 HTTP/1.1" 200 78196
0:0:0:0:0:0:0:1 - - [02/Sep/2025:16:08:53 +0100] "GET /user/home HTTP/1.1" 200 17088
0:0:0:0:0:0:0:1 - - [02/Sep/2025:16:08:53 +0100] "GET /img/undraw_profile.svg HTTP/1.1" 200 2820
0:0:0:0:0:0:0:1 - - [02/Sep/2025:16:08:53 +0100] "GET /vendor/fontawesome-free/css/all.min.css HTTP/1.1" 200 59344
0:0:0:0:0:0:0:1 - - [02/Sep/2025:16:08:53 +0100] "GET /vendor/da2.js HTTP/1.1" 200 1733
0:0:0:0:0:0:0:1 - - [02/Sep/2025:16:08:53 +0100] "GET /vendor/jquery/jquery.min.js HTTP/1.1" 200 89501
0:0:0:0:0:0:0:1 - - [02/Sep/2025:16:08:53 +0100] "GET /css/sb-admin-2.min.css HTTP/1.1" 200 170737
0:0:0:0:0:0:0:1 - - [02/Sep/2025:16:08:53 +0100] "GET /vendor/jquery-easing/jquery.easing.min.js HTTP/1.1" 200 2532
0:0:0:0:0:0:0:1 - - [02/Sep/2025:16:08:53 +0100] "GET /vendor/bootstrap/js/bootstrap.bundle.min.js HTTP/1.1" 200 84378
0:0:0:0:0:0:0:1 - - [02/Sep/2025:16:08:53 +0100] "GET /vendor/fontawesome-free/webfonts/fa-solid-900.woff2 HTTP/1.1" 200 78196
0:0:0:0:0:0:0:1 - - [02/Sep/2025:16:08:53 +0100] "GET /js/sb-admin-2.min.js HTTP/1.1" 200 1265
0:0:0:0:0:0:0:1 - - [02/Sep/2025:16:08:53 +0100] "GET /vendor/chart.js/chart.js HTTP/1.1" 200 443106
0:0:0:0:0:0:0:1 - - [02/Sep/2025:16:10:51 +0100] "GET /user/listetudiant HTTP/1.1" 200 15212
0:0:0:0:0:0:0:1 - - [02/Sep/2025:16:10:51 +0100] "GET /css/sb-admin-2.min.css HTTP/1.1" 200 170737
0:0:0:0:0:0:0:1 - - [02/Sep/2025:16:10:51 +0100] "GET /vendor/fontawesome-free/css/all.min.css HTTP/1.1" 200 59344
0:0:0:0:0:0:0:1 - - [02/Sep/2025:16:10:51 +0100] "GET /vendor/bootstrap/js/bootstrap.bundle.min.js HTTP/1.1" 200 84378
0:0:0:0:0:0:0:1 - - [02/Sep/2025:16:10:51 +0100] "GET /vendor/jquery/jquery.min.js HTTP/1.1" 200 89501
0:0:0:0:0:0:0:1 - - [02/Sep/2025:16:10:51 +0100] "GET /vendor/jquery-easing/jquery.easing.min.js HTTP/1.1" 200 2532
0:0:0:0:0:0:0:1 - - [02/Sep/2025:16:10:51 +0100] "GET /img/undraw_profile.svg HTTP/1.1" 200 2820
0:0:0:0:0:0:0:1 - - [02/Sep/2025:16:10:51 +0100] "GET /js/sb-admin-2.min.js HTTP/1.1" 200 1265
0:0:0:0:0:0:0:1 - - [02/Sep/2025:16:10:51 +0100] "GET /vendor/chart.js/chart.js HTTP/1.1" 200 443106
0:0:0:0:0:0:0:1 - - [02/Sep/2025:16:10:51 +0100] "GET /vendor/fontawesome-free/webfonts/fa-solid-900.woff2 HTTP/1.1" 200 78196
