0:0:0:0:0:0:0:1 - - [27/Aug/2025:17:06:22 +0100] "GET / HTTP/1.1" 302 -
0:0:0:0:0:0:0:1 - - [27/Aug/2025:17:06:22 +0100] "GET /login HTTP/1.1" 200 6107
0:0:0:0:0:0:0:1 - - [27/Aug/2025:17:06:22 +0100] "GET /js/sb-admin-2.min.js HTTP/1.1" 200 1265
0:0:0:0:0:0:0:1 - - [27/Aug/2025:17:06:22 +0100] "GET /vendor/jquery-easing/jquery.easing.min.js HTTP/1.1" 200 2532
0:0:0:0:0:0:0:1 - - [27/Aug/2025:17:06:22 +0100] "GET /vendor/fontawesome-free/css/all.min.css HTTP/1.1" 200 59344
0:0:0:0:0:0:0:1 - - [27/Aug/2025:17:06:22 +0100] "GET /vendor/jquery/jquery.min.js HTTP/1.1" 200 89501
0:0:0:0:0:0:0:1 - - [27/Aug/2025:17:06:22 +0100] "GET /css/sb-admin-2.min.css HTTP/1.1" 200 170737
0:0:0:0:0:0:0:1 - - [27/Aug/2025:17:06:22 +0100] "GET /vendor/bootstrap/js/bootstrap.bundle.min.js HTTP/1.1" 200 84378
0:0:0:0:0:0:0:1 - - [27/Aug/2025:17:06:23 +0100] "GET /vendor/fontawesome-free/webfonts/fa-brands-400.woff2 HTTP/1.1" 200 76764
0:0:0:0:0:0:0:1 - - [27/Aug/2025:17:06:35 +0100] "POST /login HTTP/1.1" 302 -
0:0:0:0:0:0:0:1 - - [27/Aug/2025:17:06:36 +0100] "GET /?continue HTTP/1.1" 302 -
0:0:0:0:0:0:0:1 - - [27/Aug/2025:17:06:36 +0100] "GET /user/home HTTP/1.1" 200 16969
0:0:0:0:0:0:0:1 - - [27/Aug/2025:17:06:36 +0100] "GET /vendor/fontawesome-free/css/all.min.css HTTP/1.1" 200 59344
0:0:0:0:0:0:0:1 - - [27/Aug/2025:17:06:36 +0100] "GET /img/undraw_profile.svg HTTP/1.1" 200 2820
0:0:0:0:0:0:0:1 - - [27/Aug/2025:17:06:36 +0100] "GET /css/sb-admin-2.min.css HTTP/1.1" 200 170737
0:0:0:0:0:0:0:1 - - [27/Aug/2025:17:06:36 +0100] "GET /vendor/da2.js HTTP/1.1" 200 1733
0:0:0:0:0:0:0:1 - - [27/Aug/2025:17:06:36 +0100] "GET /vendor/jquery/jquery.min.js HTTP/1.1" 200 89501
0:0:0:0:0:0:0:1 - - [27/Aug/2025:17:06:36 +0100] "GET /vendor/bootstrap/js/bootstrap.bundle.min.js HTTP/1.1" 200 84378
0:0:0:0:0:0:0:1 - - [27/Aug/2025:17:06:36 +0100] "GET /vendor/jquery-easing/jquery.easing.min.js HTTP/1.1" 200 2532
0:0:0:0:0:0:0:1 - - [27/Aug/2025:17:06:36 +0100] "GET /js/sb-admin-2.min.js HTTP/1.1" 200 1265
0:0:0:0:0:0:0:1 - - [27/Aug/2025:17:06:36 +0100] "GET /vendor/chart.js/chart.js HTTP/1.1" 200 443106
0:0:0:0:0:0:0:1 - - [27/Aug/2025:17:06:36 +0100] "GET /vendor/fontawesome-free/webfonts/fa-solid-900.woff2 HTTP/1.1" 200 78196
0:0:0:0:0:0:0:1 - - [27/Aug/2025:17:07:00 +0100] "GET /user/listefiliere HTTP/1.1" 200 14894
0:0:0:0:0:0:0:1 - - [27/Aug/2025:17:07:00 +0100] "GET /vendor/jquery-easing/jquery.easing.min.js HTTP/1.1" 200 2532
0:0:0:0:0:0:0:1 - - [27/Aug/2025:17:07:00 +0100] "GET /vendor/fontawesome-free/css/all.min.css HTTP/1.1" 200 59344
0:0:0:0:0:0:0:1 - - [27/Aug/2025:17:07:00 +0100] "GET /vendor/jquery/jquery.min.js HTTP/1.1" 200 89501
0:0:0:0:0:0:0:1 - - [27/Aug/2025:17:07:00 +0100] "GET /css/sb-admin-2.min.css HTTP/1.1" 200 170737
0:0:0:0:0:0:0:1 - - [27/Aug/2025:17:07:00 +0100] "GET /img/undraw_profile.svg HTTP/1.1" 200 2820
0:0:0:0:0:0:0:1 - - [27/Aug/2025:17:07:00 +0100] "GET /vendor/bootstrap/js/bootstrap.bundle.min.js HTTP/1.1" 200 84378
0:0:0:0:0:0:0:1 - - [27/Aug/2025:17:07:00 +0100] "GET /js/sb-admin-2.min.js HTTP/1.1" 200 1265
0:0:0:0:0:0:0:1 - - [27/Aug/2025:17:07:00 +0100] "GET /vendor/chart.js/chart.js HTTP/1.1" 200 443106
0:0:0:0:0:0:0:1 - - [27/Aug/2025:17:07:00 +0100] "GET /vendor/fontawesome-free/webfonts/fa-solid-900.woff2 HTTP/1.1" 200 78196
0:0:0:0:0:0:0:1 - - [27/Aug/2025:17:07:06 +0100] "POST /logout HTTP/1.1" 302 -
0:0:0:0:0:0:0:1 - - [27/Aug/2025:17:07:06 +0100] "GET /login?logout HTTP/1.1" 302 -
0:0:0:0:0:0:0:1 - - [27/Aug/2025:17:07:06 +0100] "GET /login HTTP/1.1" 200 6107
0:0:0:0:0:0:0:1 - - [27/Aug/2025:17:07:06 +0100] "GET /vendor/jquery/jquery.min.js HTTP/1.1" 200 89501
0:0:0:0:0:0:0:1 - - [27/Aug/2025:17:07:06 +0100] "GET /vendor/fontawesome-free/css/all.min.css HTTP/1.1" 200 59344
0:0:0:0:0:0:0:1 - - [27/Aug/2025:17:07:06 +0100] "GET /css/sb-admin-2.min.css HTTP/1.1" 200 170737
0:0:0:0:0:0:0:1 - - [27/Aug/2025:17:07:06 +0100] "GET /vendor/bootstrap/js/bootstrap.bundle.min.js HTTP/1.1" 200 84378
0:0:0:0:0:0:0:1 - - [27/Aug/2025:17:07:06 +0100] "GET /vendor/jquery-easing/jquery.easing.min.js HTTP/1.1" 200 2532
0:0:0:0:0:0:0:1 - - [27/Aug/2025:17:07:06 +0100] "GET /js/sb-admin-2.min.js HTTP/1.1" 200 1265
0:0:0:0:0:0:0:1 - - [27/Aug/2025:17:07:06 +0100] "GET /vendor/fontawesome-free/webfonts/fa-brands-400.woff2 HTTP/1.1" 200 76764
0:0:0:0:0:0:0:1 - - [27/Aug/2025:17:07:11 +0100] "POST /login HTTP/1.1" 302 -
0:0:0:0:0:0:0:1 - - [27/Aug/2025:17:07:11 +0100] "GET /login?logout&continue HTTP/1.1" 200 6107
0:0:0:0:0:0:0:1 - - [27/Aug/2025:17:07:11 +0100] "GET /vendor/fontawesome-free/css/all.min.css HTTP/1.1" 200 59344
0:0:0:0:0:0:0:1 - - [27/Aug/2025:17:07:11 +0100] "GET /vendor/bootstrap/js/bootstrap.bundle.min.js HTTP/1.1" 200 84378
0:0:0:0:0:0:0:1 - - [27/Aug/2025:17:07:11 +0100] "GET /css/sb-admin-2.min.css HTTP/1.1" 200 170737
0:0:0:0:0:0:0:1 - - [27/Aug/2025:17:07:11 +0100] "GET /js/sb-admin-2.min.js HTTP/1.1" 200 1265
0:0:0:0:0:0:0:1 - - [27/Aug/2025:17:07:11 +0100] "GET /vendor/jquery/jquery.min.js HTTP/1.1" 200 89501
0:0:0:0:0:0:0:1 - - [27/Aug/2025:17:07:11 +0100] "GET /vendor/jquery-easing/jquery.easing.min.js HTTP/1.1" 200 2532
0:0:0:0:0:0:0:1 - - [27/Aug/2025:17:07:11 +0100] "GET /vendor/fontawesome-free/webfonts/fa-brands-400.woff2 HTTP/1.1" 200 76764
0:0:0:0:0:0:0:1 - - [27/Aug/2025:17:07:16 +0100] "POST /login HTTP/1.1" 302 -
0:0:0:0:0:0:0:1 - - [27/Aug/2025:17:07:16 +0100] "GET / HTTP/1.1" 302 -
0:0:0:0:0:0:0:1 - - [27/Aug/2025:17:07:16 +0100] "GET /user/home HTTP/1.1" 200 17110
0:0:0:0:0:0:0:1 - - [27/Aug/2025:17:07:16 +0100] "GET /css/sb-admin-2.min.css HTTP/1.1" 200 170737
0:0:0:0:0:0:0:1 - - [27/Aug/2025:17:07:16 +0100] "GET /vendor/fontawesome-free/css/all.min.css HTTP/1.1" 200 59344
0:0:0:0:0:0:0:1 - - [27/Aug/2025:17:07:16 +0100] "GET /vendor/da2.js HTTP/1.1" 200 1733
0:0:0:0:0:0:0:1 - - [27/Aug/2025:17:07:16 +0100] "GET /vendor/jquery/jquery.min.js HTTP/1.1" 200 89501
0:0:0:0:0:0:0:1 - - [27/Aug/2025:17:07:16 +0100] "GET /img/undraw_profile.svg HTTP/1.1" 200 2820
0:0:0:0:0:0:0:1 - - [27/Aug/2025:17:07:16 +0100] "GET /vendor/jquery-easing/jquery.easing.min.js HTTP/1.1" 200 2532
0:0:0:0:0:0:0:1 - - [27/Aug/2025:17:07:16 +0100] "GET /vendor/bootstrap/js/bootstrap.bundle.min.js HTTP/1.1" 200 84378
0:0:0:0:0:0:0:1 - - [27/Aug/2025:17:07:16 +0100] "GET /js/sb-admin-2.min.js HTTP/1.1" 200 1265
0:0:0:0:0:0:0:1 - - [27/Aug/2025:17:07:16 +0100] "GET /vendor/chart.js/chart.js HTTP/1.1" 200 443106
0:0:0:0:0:0:0:1 - - [27/Aug/2025:17:07:16 +0100] "GET /vendor/fontawesome-free/webfonts/fa-solid-900.woff2 HTTP/1.1" 200 78196
0:0:0:0:0:0:0:1 - - [27/Aug/2025:17:07:25 +0100] "GET /admin/nvfiliere HTTP/1.1" 200 14104
0:0:0:0:0:0:0:1 - - [27/Aug/2025:17:07:25 +0100] "GET /img/undraw_profile.svg HTTP/1.1" 200 2820
0:0:0:0:0:0:0:1 - - [27/Aug/2025:17:07:25 +0100] "GET /vendor/fontawesome-free/css/all.min.css HTTP/1.1" 200 59344
0:0:0:0:0:0:0:1 - - [27/Aug/2025:17:07:25 +0100] "GET /js/sb-admin-2.min.js HTTP/1.1" 200 1265
0:0:0:0:0:0:0:1 - - [27/Aug/2025:17:07:25 +0100] "GET /vendor/jquery/jquery.min.js HTTP/1.1" 200 89501
0:0:0:0:0:0:0:1 - - [27/Aug/2025:17:07:25 +0100] "GET /vendor/bootstrap/js/bootstrap.bundle.min.js HTTP/1.1" 200 84378
0:0:0:0:0:0:0:1 - - [27/Aug/2025:17:07:25 +0100] "GET /css/sb-admin-2.min.css HTTP/1.1" 200 170737
0:0:0:0:0:0:0:1 - - [27/Aug/2025:17:07:25 +0100] "GET /vendor/jquery-easing/jquery.easing.min.js HTTP/1.1" 200 2532
0:0:0:0:0:0:0:1 - - [27/Aug/2025:17:07:25 +0100] "GET /vendor/chart.js/chart.js HTTP/1.1" 200 443106
0:0:0:0:0:0:0:1 - - [27/Aug/2025:17:07:26 +0100] "GET /vendor/fontawesome-free/webfonts/fa-solid-900.woff2 HTTP/1.1" 200 78196
0:0:0:0:0:0:0:1 - - [27/Aug/2025:17:07:29 +0100] "GET /user/listetudiant HTTP/1.1" 200 14969
0:0:0:0:0:0:0:1 - - [27/Aug/2025:17:07:29 +0100] "GET /vendor/fontawesome-free/css/all.min.css HTTP/1.1" 200 59344
0:0:0:0:0:0:0:1 - - [27/Aug/2025:17:07:29 +0100] "GET /vendor/bootstrap/js/bootstrap.bundle.min.js HTTP/1.1" 200 84378
0:0:0:0:0:0:0:1 - - [27/Aug/2025:17:07:29 +0100] "GET /img/undraw_profile.svg HTTP/1.1" 200 2820
0:0:0:0:0:0:0:1 - - [27/Aug/2025:17:07:29 +0100] "GET /css/sb-admin-2.min.css HTTP/1.1" 200 170737
0:0:0:0:0:0:0:1 - - [27/Aug/2025:17:07:29 +0100] "GET /vendor/jquery-easing/jquery.easing.min.js HTTP/1.1" 200 2532
0:0:0:0:0:0:0:1 - - [27/Aug/2025:17:07:29 +0100] "GET /js/sb-admin-2.min.js HTTP/1.1" 200 1265
0:0:0:0:0:0:0:1 - - [27/Aug/2025:17:07:29 +0100] "GET /vendor/jquery/jquery.min.js HTTP/1.1" 200 89501
0:0:0:0:0:0:0:1 - - [27/Aug/2025:17:07:29 +0100] "GET /vendor/chart.js/chart.js HTTP/1.1" 200 443106
0:0:0:0:0:0:0:1 - - [27/Aug/2025:17:07:29 +0100] "GET /vendor/fontawesome-free/webfonts/fa-solid-900.woff2 HTTP/1.1" 200 78196
0:0:0:0:0:0:0:1 - - [27/Aug/2025:17:07:33 +0100] "GET /admin/nvetudiant HTTP/1.1" 200 14910
0:0:0:0:0:0:0:1 - - [27/Aug/2025:17:07:34 +0100] "GET /css/sb-admin-2.min.css HTTP/1.1" 200 170737
0:0:0:0:0:0:0:1 - - [27/Aug/2025:17:07:34 +0100] "GET /vendor/fontawesome-free/css/all.min.css HTTP/1.1" 200 59344
0:0:0:0:0:0:0:1 - - [27/Aug/2025:17:07:34 +0100] "GET /vendor/jquery/jquery.min.js HTTP/1.1" 200 89501
0:0:0:0:0:0:0:1 - - [27/Aug/2025:17:07:34 +0100] "GET /vendor/bootstrap/js/bootstrap.bundle.min.js HTTP/1.1" 200 84378
0:0:0:0:0:0:0:1 - - [27/Aug/2025:17:07:34 +0100] "GET /vendor/jquery-easing/jquery.easing.min.js HTTP/1.1" 200 2532
0:0:0:0:0:0:0:1 - - [27/Aug/2025:17:07:34 +0100] "GET /img/undraw_profile.svg HTTP/1.1" 200 2820
0:0:0:0:0:0:0:1 - - [27/Aug/2025:17:07:34 +0100] "GET /js/sb-admin-2.min.js HTTP/1.1" 200 1265
0:0:0:0:0:0:0:1 - - [27/Aug/2025:17:07:34 +0100] "GET /vendor/chart.js/chart.js HTTP/1.1" 200 443106
0:0:0:0:0:0:0:1 - - [27/Aug/2025:17:07:34 +0100] "GET /vendor/fontawesome-free/webfonts/fa-solid-900.woff2 HTTP/1.1" 200 78196
0:0:0:0:0:0:0:1 - - [27/Aug/2025:17:07:47 +0100] "GET /user/listefiliere HTTP/1.1" 200 15051
0:0:0:0:0:0:0:1 - - [27/Aug/2025:17:07:47 +0100] "GET /img/undraw_profile.svg HTTP/1.1" 200 2820
0:0:0:0:0:0:0:1 - - [27/Aug/2025:17:07:47 +0100] "GET /vendor/fontawesome-free/css/all.min.css HTTP/1.1" 200 59344
0:0:0:0:0:0:0:1 - - [27/Aug/2025:17:07:47 +0100] "GET /css/sb-admin-2.min.css HTTP/1.1" 200 170737
0:0:0:0:0:0:0:1 - - [27/Aug/2025:17:07:47 +0100] "GET /vendor/jquery/jquery.min.js HTTP/1.1" 200 89501
0:0:0:0:0:0:0:1 - - [27/Aug/2025:17:07:47 +0100] "GET /vendor/bootstrap/js/bootstrap.bundle.min.js HTTP/1.1" 200 84378
0:0:0:0:0:0:0:1 - - [27/Aug/2025:17:07:47 +0100] "GET /vendor/jquery-easing/jquery.easing.min.js HTTP/1.1" 200 2532
0:0:0:0:0:0:0:1 - - [27/Aug/2025:17:07:47 +0100] "GET /js/sb-admin-2.min.js HTTP/1.1" 200 1265
0:0:0:0:0:0:0:1 - - [27/Aug/2025:17:07:47 +0100] "GET /vendor/chart.js/chart.js HTTP/1.1" 200 443106
0:0:0:0:0:0:0:1 - - [27/Aug/2025:17:07:47 +0100] "GET /vendor/fontawesome-free/webfonts/fa-solid-900.woff2 HTTP/1.1" 200 78196
0:0:0:0:0:0:0:1 - - [27/Aug/2025:17:07:49 +0100] "GET /admin/nvfiliere HTTP/1.1" 200 14104
0:0:0:0:0:0:0:1 - - [27/Aug/2025:17:07:49 +0100] "GET /vendor/fontawesome-free/css/all.min.css HTTP/1.1" 200 59344
0:0:0:0:0:0:0:1 - - [27/Aug/2025:17:07:49 +0100] "GET /css/sb-admin-2.min.css HTTP/1.1" 200 170737
0:0:0:0:0:0:0:1 - - [27/Aug/2025:17:07:49 +0100] "GET /vendor/jquery-easing/jquery.easing.min.js HTTP/1.1" 200 2532
0:0:0:0:0:0:0:1 - - [27/Aug/2025:17:07:49 +0100] "GET /js/sb-admin-2.min.js HTTP/1.1" 200 1265
0:0:0:0:0:0:0:1 - - [27/Aug/2025:17:07:49 +0100] "GET /img/undraw_profile.svg HTTP/1.1" 200 2820
0:0:0:0:0:0:0:1 - - [27/Aug/2025:17:07:49 +0100] "GET /vendor/bootstrap/js/bootstrap.bundle.min.js HTTP/1.1" 200 84378
0:0:0:0:0:0:0:1 - - [27/Aug/2025:17:07:49 +0100] "GET /vendor/jquery/jquery.min.js HTTP/1.1" 200 89501
0:0:0:0:0:0:0:1 - - [27/Aug/2025:17:07:49 +0100] "GET /vendor/chart.js/chart.js HTTP/1.1" 200 443106
0:0:0:0:0:0:0:1 - - [27/Aug/2025:17:07:49 +0100] "GET /vendor/fontawesome-free/webfonts/fa-solid-900.woff2 HTTP/1.1" 200 78196
0:0:0:0:0:0:0:1 - - [27/Aug/2025:17:07:54 +0100] "POST /admin/savefiliere HTTP/1.1" 302 -
0:0:0:0:0:0:0:1 - - [27/Aug/2025:17:07:54 +0100] "GET /user/listefiliere HTTP/1.1" 200 16070
0:0:0:0:0:0:0:1 - - [27/Aug/2025:17:07:54 +0100] "GET /vendor/fontawesome-free/css/all.min.css HTTP/1.1" 200 59344
0:0:0:0:0:0:0:1 - - [27/Aug/2025:17:07:54 +0100] "GET /img/undraw_profile.svg HTTP/1.1" 200 2820
0:0:0:0:0:0:0:1 - - [27/Aug/2025:17:07:54 +0100] "GET /vendor/bootstrap/js/bootstrap.bundle.min.js HTTP/1.1" 200 84378
0:0:0:0:0:0:0:1 - - [27/Aug/2025:17:07:54 +0100] "GET /vendor/jquery/jquery.min.js HTTP/1.1" 200 89501
0:0:0:0:0:0:0:1 - - [27/Aug/2025:17:07:54 +0100] "GET /js/sb-admin-2.min.js HTTP/1.1" 200 1265
0:0:0:0:0:0:0:1 - - [27/Aug/2025:17:07:54 +0100] "GET /css/sb-admin-2.min.css HTTP/1.1" 200 170737
0:0:0:0:0:0:0:1 - - [27/Aug/2025:17:07:54 +0100] "GET /vendor/jquery-easing/jquery.easing.min.js HTTP/1.1" 200 2532
0:0:0:0:0:0:0:1 - - [27/Aug/2025:17:07:54 +0100] "GET /vendor/chart.js/chart.js HTTP/1.1" 200 443106
0:0:0:0:0:0:0:1 - - [27/Aug/2025:17:07:54 +0100] "GET /vendor/fontawesome-free/webfonts/fa-solid-900.woff2 HTTP/1.1" 200 78196
0:0:0:0:0:0:0:1 - - [27/Aug/2025:17:08:08 +0100] "GET /admin/nvetudiant HTTP/1.1" 200 14969
0:0:0:0:0:0:0:1 - - [27/Aug/2025:17:08:08 +0100] "GET /img/undraw_profile.svg HTTP/1.1" 200 2820
0:0:0:0:0:0:0:1 - - [27/Aug/2025:17:08:08 +0100] "GET /vendor/jquery-easing/jquery.easing.min.js HTTP/1.1" 200 2532
0:0:0:0:0:0:0:1 - - [27/Aug/2025:17:08:08 +0100] "GET /vendor/jquery/jquery.min.js HTTP/1.1" 200 89501
0:0:0:0:0:0:0:1 - - [27/Aug/2025:17:08:08 +0100] "GET /css/sb-admin-2.min.css HTTP/1.1" 200 170737
0:0:0:0:0:0:0:1 - - [27/Aug/2025:17:08:08 +0100] "GET /vendor/bootstrap/js/bootstrap.bundle.min.js HTTP/1.1" 200 84378
0:0:0:0:0:0:0:1 - - [27/Aug/2025:17:08:08 +0100] "GET /vendor/fontawesome-free/css/all.min.css HTTP/1.1" 200 59344
0:0:0:0:0:0:0:1 - - [27/Aug/2025:17:08:08 +0100] "GET /js/sb-admin-2.min.js HTTP/1.1" 200 1265
0:0:0:0:0:0:0:1 - - [27/Aug/2025:17:08:08 +0100] "GET /vendor/chart.js/chart.js HTTP/1.1" 200 443106
0:0:0:0:0:0:0:1 - - [27/Aug/2025:17:08:08 +0100] "GET /vendor/fontawesome-free/webfonts/fa-solid-900.woff2 HTTP/1.1" 200 78196
0:0:0:0:0:0:0:1 - - [27/Aug/2025:17:08:24 +0100] "POST /admin/saveetudiant HTTP/1.1" 302 -
0:0:0:0:0:0:0:1 - - [27/Aug/2025:17:08:24 +0100] "GET /admin/nvetudiant HTTP/1.1" 200 14969
0:0:0:0:0:0:0:1 - - [27/Aug/2025:17:08:24 +0100] "GET /vendor/fontawesome-free/css/all.min.css HTTP/1.1" 200 59344
0:0:0:0:0:0:0:1 - - [27/Aug/2025:17:08:24 +0100] "GET /vendor/jquery-easing/jquery.easing.min.js HTTP/1.1" 200 2532
0:0:0:0:0:0:0:1 - - [27/Aug/2025:17:08:24 +0100] "GET /img/undraw_profile.svg HTTP/1.1" 200 2820
0:0:0:0:0:0:0:1 - - [27/Aug/2025:17:08:24 +0100] "GET /vendor/jquery/jquery.min.js HTTP/1.1" 200 89501
0:0:0:0:0:0:0:1 - - [27/Aug/2025:17:08:24 +0100] "GET /css/sb-admin-2.min.css HTTP/1.1" 200 170737
0:0:0:0:0:0:0:1 - - [27/Aug/2025:17:08:24 +0100] "GET /vendor/bootstrap/js/bootstrap.bundle.min.js HTTP/1.1" 200 84378
0:0:0:0:0:0:0:1 - - [27/Aug/2025:17:08:24 +0100] "GET /js/sb-admin-2.min.js HTTP/1.1" 200 1265
0:0:0:0:0:0:0:1 - - [27/Aug/2025:17:08:24 +0100] "GET /vendor/chart.js/chart.js HTTP/1.1" 200 443106
0:0:0:0:0:0:0:1 - - [27/Aug/2025:17:08:24 +0100] "GET /vendor/fontawesome-free/webfonts/fa-solid-900.woff2 HTTP/1.1" 200 78196
0:0:0:0:0:0:0:1 - - [27/Aug/2025:17:08:26 +0100] "GET /user/listetudiant HTTP/1.1" 200 15863
0:0:0:0:0:0:0:1 - - [27/Aug/2025:17:08:26 +0100] "GET /img/undraw_profile.svg HTTP/1.1" 200 2820
0:0:0:0:0:0:0:1 - - [27/Aug/2025:17:08:26 +0100] "GET /vendor/fontawesome-free/css/all.min.css HTTP/1.1" 200 59344
0:0:0:0:0:0:0:1 - - [27/Aug/2025:17:08:26 +0100] "GET /vendor/bootstrap/js/bootstrap.bundle.min.js HTTP/1.1" 200 84378
0:0:0:0:0:0:0:1 - - [27/Aug/2025:17:08:26 +0100] "GET /vendor/jquery/jquery.min.js HTTP/1.1" 200 89501
0:0:0:0:0:0:0:1 - - [27/Aug/2025:17:08:26 +0100] "GET /js/sb-admin-2.min.js HTTP/1.1" 200 1265
0:0:0:0:0:0:0:1 - - [27/Aug/2025:17:08:26 +0100] "GET /css/sb-admin-2.min.css HTTP/1.1" 200 170737
0:0:0:0:0:0:0:1 - - [27/Aug/2025:17:08:26 +0100] "GET /vendor/jquery-easing/jquery.easing.min.js HTTP/1.1" 200 2532
0:0:0:0:0:0:0:1 - - [27/Aug/2025:17:08:26 +0100] "GET /vendor/chart.js/chart.js HTTP/1.1" 200 443106
0:0:0:0:0:0:0:1 - - [27/Aug/2025:17:08:26 +0100] "GET /vendor/fontawesome-free/webfonts/fa-solid-900.woff2 HTTP/1.1" 200 78196
0:0:0:0:0:0:0:1 - - [27/Aug/2025:17:08:31 +0100] "GET /admin/editetudiant?id=1 HTTP/1.1" 200 15463
0:0:0:0:0:0:0:1 - - [27/Aug/2025:17:08:31 +0100] "GET /vendor/jquery-easing/jquery.easing.min.js HTTP/1.1" 200 2532
0:0:0:0:0:0:0:1 - - [27/Aug/2025:17:08:31 +0100] "GET /img/undraw_profile.svg HTTP/1.1" 200 2820
0:0:0:0:0:0:0:1 - - [27/Aug/2025:17:08:31 +0100] "GET /vendor/fontawesome-free/css/all.min.css HTTP/1.1" 200 59344
0:0:0:0:0:0:0:1 - - [27/Aug/2025:17:08:31 +0100] "GET /vendor/bootstrap/js/bootstrap.bundle.min.js HTTP/1.1" 200 84378
0:0:0:0:0:0:0:1 - - [27/Aug/2025:17:08:31 +0100] "GET /css/sb-admin-2.min.css HTTP/1.1" 200 170737
0:0:0:0:0:0:0:1 - - [27/Aug/2025:17:08:31 +0100] "GET /vendor/jquery/jquery.min.js HTTP/1.1" 200 89501
0:0:0:0:0:0:0:1 - - [27/Aug/2025:17:08:31 +0100] "GET /js/sb-admin-2.min.js HTTP/1.1" 200 1265
0:0:0:0:0:0:0:1 - - [27/Aug/2025:17:08:31 +0100] "GET /vendor/chart.js/chart.js HTTP/1.1" 200 443106
0:0:0:0:0:0:0:1 - - [27/Aug/2025:17:08:31 +0100] "GET /vendor/fontawesome-free/webfonts/fa-solid-900.woff2 HTTP/1.1" 200 78196
0:0:0:0:0:0:0:1 - - [27/Aug/2025:17:08:45 +0100] "POST /admin/updateetudiant HTTP/1.1" 302 -
0:0:0:0:0:0:0:1 - - [27/Aug/2025:17:08:45 +0100] "GET /user/listetudiant HTTP/1.1" 200 15867
0:0:0:0:0:0:0:1 - - [27/Aug/2025:17:08:45 +0100] "GET /vendor/fontawesome-free/css/all.min.css HTTP/1.1" 200 59344
0:0:0:0:0:0:0:1 - - [27/Aug/2025:17:08:45 +0100] "GET /img/undraw_profile.svg HTTP/1.1" 200 2820
0:0:0:0:0:0:0:1 - - [27/Aug/2025:17:08:45 +0100] "GET /vendor/jquery-easing/jquery.easing.min.js HTTP/1.1" 200 2532
0:0:0:0:0:0:0:1 - - [27/Aug/2025:17:08:45 +0100] "GET /css/sb-admin-2.min.css HTTP/1.1" 200 170737
0:0:0:0:0:0:0:1 - - [27/Aug/2025:17:08:45 +0100] "GET /vendor/bootstrap/js/bootstrap.bundle.min.js HTTP/1.1" 200 84378
0:0:0:0:0:0:0:1 - - [27/Aug/2025:17:08:45 +0100] "GET /vendor/jquery/jquery.min.js HTTP/1.1" 200 89501
0:0:0:0:0:0:0:1 - - [27/Aug/2025:17:08:45 +0100] "GET /js/sb-admin-2.min.js HTTP/1.1" 200 1265
0:0:0:0:0:0:0:1 - - [27/Aug/2025:17:08:45 +0100] "GET /vendor/chart.js/chart.js HTTP/1.1" 200 443106
0:0:0:0:0:0:0:1 - - [27/Aug/2025:17:08:45 +0100] "GET /vendor/fontawesome-free/webfonts/fa-solid-900.woff2 HTTP/1.1" 200 78196
0:0:0:0:0:0:0:1 - - [27/Aug/2025:17:09:09 +0100] "GET /user/home HTTP/1.1" 200 17155
0:0:0:0:0:0:0:1 - - [27/Aug/2025:17:09:09 +0100] "GET /vendor/fontawesome-free/css/all.min.css HTTP/1.1" 200 59344
0:0:0:0:0:0:0:1 - - [27/Aug/2025:17:09:09 +0100] "GET /img/undraw_profile.svg HTTP/1.1" 200 2820
0:0:0:0:0:0:0:1 - - [27/Aug/2025:17:09:09 +0100] "GET /css/sb-admin-2.min.css HTTP/1.1" 200 170737
0:0:0:0:0:0:0:1 - - [27/Aug/2025:17:09:09 +0100] "GET /vendor/jquery/jquery.min.js HTTP/1.1" 200 89501
0:0:0:0:0:0:0:1 - - [27/Aug/2025:17:09:09 +0100] "GET /vendor/da2.js HTTP/1.1" 200 1733
0:0:0:0:0:0:0:1 - - [27/Aug/2025:17:09:09 +0100] "GET /vendor/bootstrap/js/bootstrap.bundle.min.js HTTP/1.1" 200 84378
0:0:0:0:0:0:0:1 - - [27/Aug/2025:17:09:09 +0100] "GET /js/sb-admin-2.min.js HTTP/1.1" 200 1265
0:0:0:0:0:0:0:1 - - [27/Aug/2025:17:09:09 +0100] "GET /vendor/jquery-easing/jquery.easing.min.js HTTP/1.1" 200 2532
0:0:0:0:0:0:0:1 - - [27/Aug/2025:17:09:09 +0100] "GET /vendor/chart.js/chart.js HTTP/1.1" 200 443106
0:0:0:0:0:0:0:1 - - [27/Aug/2025:17:09:09 +0100] "GET /vendor/fontawesome-free/webfonts/fa-solid-900.woff2 HTTP/1.1" 200 78196
0:0:0:0:0:0:0:1 - - [27/Aug/2025:17:09:17 +0100] "GET /user/listefiliere HTTP/1.1" 200 16070
0:0:0:0:0:0:0:1 - - [27/Aug/2025:17:09:17 +0100] "GET /vendor/fontawesome-free/css/all.min.css HTTP/1.1" 200 59344
0:0:0:0:0:0:0:1 - - [27/Aug/2025:17:09:17 +0100] "GET /css/sb-admin-2.min.css HTTP/1.1" 200 170737
0:0:0:0:0:0:0:1 - - [27/Aug/2025:17:09:17 +0100] "GET /img/undraw_profile.svg HTTP/1.1" 200 2820
0:0:0:0:0:0:0:1 - - [27/Aug/2025:17:09:17 +0100] "GET /vendor/jquery-easing/jquery.easing.min.js HTTP/1.1" 200 2532
0:0:0:0:0:0:0:1 - - [27/Aug/2025:17:09:17 +0100] "GET /vendor/jquery/jquery.min.js HTTP/1.1" 200 89501
0:0:0:0:0:0:0:1 - - [27/Aug/2025:17:09:17 +0100] "GET /vendor/bootstrap/js/bootstrap.bundle.min.js HTTP/1.1" 200 84378
0:0:0:0:0:0:0:1 - - [27/Aug/2025:17:09:17 +0100] "GET /js/sb-admin-2.min.js HTTP/1.1" 200 1265
0:0:0:0:0:0:0:1 - - [27/Aug/2025:17:09:17 +0100] "GET /vendor/chart.js/chart.js HTTP/1.1" 200 443106
0:0:0:0:0:0:0:1 - - [27/Aug/2025:17:09:17 +0100] "GET /vendor/fontawesome-free/webfonts/fa-solid-900.woff2 HTTP/1.1" 200 78196
0:0:0:0:0:0:0:1 - - [27/Aug/2025:17:09:21 +0100] "GET /admin/nvfiliere HTTP/1.1" 200 14104
0:0:0:0:0:0:0:1 - - [27/Aug/2025:17:09:21 +0100] "GET /vendor/fontawesome-free/css/all.min.css HTTP/1.1" 200 59344
0:0:0:0:0:0:0:1 - - [27/Aug/2025:17:09:21 +0100] "GET /img/undraw_profile.svg HTTP/1.1" 200 2820
0:0:0:0:0:0:0:1 - - [27/Aug/2025:17:09:21 +0100] "GET /css/sb-admin-2.min.css HTTP/1.1" 200 170737
0:0:0:0:0:0:0:1 - - [27/Aug/2025:17:09:21 +0100] "GET /vendor/jquery-easing/jquery.easing.min.js HTTP/1.1" 200 2532
0:0:0:0:0:0:0:1 - - [27/Aug/2025:17:09:21 +0100] "GET /js/sb-admin-2.min.js HTTP/1.1" 200 1265
0:0:0:0:0:0:0:1 - - [27/Aug/2025:17:09:21 +0100] "GET /vendor/bootstrap/js/bootstrap.bundle.min.js HTTP/1.1" 200 84378
0:0:0:0:0:0:0:1 - - [27/Aug/2025:17:09:21 +0100] "GET /vendor/jquery/jquery.min.js HTTP/1.1" 200 89501
0:0:0:0:0:0:0:1 - - [27/Aug/2025:17:09:21 +0100] "GET /vendor/chart.js/chart.js HTTP/1.1" 200 443106
0:0:0:0:0:0:0:1 - - [27/Aug/2025:17:09:21 +0100] "GET /vendor/fontawesome-free/webfonts/fa-solid-900.woff2 HTTP/1.1" 200 78196
0:0:0:0:0:0:0:1 - - [27/Aug/2025:17:09:34 +0100] "POST /admin/savefiliere HTTP/1.1" 302 -
0:0:0:0:0:0:0:1 - - [27/Aug/2025:17:09:34 +0100] "GET /user/listefiliere HTTP/1.1" 200 16922
0:0:0:0:0:0:0:1 - - [27/Aug/2025:17:09:34 +0100] "GET /vendor/fontawesome-free/css/all.min.css HTTP/1.1" 200 59344
0:0:0:0:0:0:0:1 - - [27/Aug/2025:17:09:34 +0100] "GET /css/sb-admin-2.min.css HTTP/1.1" 200 170737
0:0:0:0:0:0:0:1 - - [27/Aug/2025:17:09:34 +0100] "GET /vendor/bootstrap/js/bootstrap.bundle.min.js HTTP/1.1" 200 84378
0:0:0:0:0:0:0:1 - - [27/Aug/2025:17:09:34 +0100] "GET /vendor/jquery-easing/jquery.easing.min.js HTTP/1.1" 200 2532
0:0:0:0:0:0:0:1 - - [27/Aug/2025:17:09:34 +0100] "GET /img/undraw_profile.svg HTTP/1.1" 200 2820
0:0:0:0:0:0:0:1 - - [27/Aug/2025:17:09:34 +0100] "GET /vendor/jquery/jquery.min.js HTTP/1.1" 200 89501
0:0:0:0:0:0:0:1 - - [27/Aug/2025:17:09:34 +0100] "GET /js/sb-admin-2.min.js HTTP/1.1" 200 1265
0:0:0:0:0:0:0:1 - - [27/Aug/2025:17:09:34 +0100] "GET /vendor/chart.js/chart.js HTTP/1.1" 200 443106
0:0:0:0:0:0:0:1 - - [27/Aug/2025:17:09:34 +0100] "GET /vendor/fontawesome-free/webfonts/fa-solid-900.woff2 HTTP/1.1" 200 78196
0:0:0:0:0:0:0:1 - - [27/Aug/2025:17:09:37 +0100] "GET /admin/nvfiliere HTTP/1.1" 200 14104
0:0:0:0:0:0:0:1 - - [27/Aug/2025:17:09:37 +0100] "GET /vendor/fontawesome-free/css/all.min.css HTTP/1.1" 200 59344
0:0:0:0:0:0:0:1 - - [27/Aug/2025:17:09:37 +0100] "GET /vendor/jquery/jquery.min.js HTTP/1.1" 200 89501
0:0:0:0:0:0:0:1 - - [27/Aug/2025:17:09:37 +0100] "GET /css/sb-admin-2.min.css HTTP/1.1" 200 170737
0:0:0:0:0:0:0:1 - - [27/Aug/2025:17:09:37 +0100] "GET /img/undraw_profile.svg HTTP/1.1" 200 2820
0:0:0:0:0:0:0:1 - - [27/Aug/2025:17:09:37 +0100] "GET /vendor/bootstrap/js/bootstrap.bundle.min.js HTTP/1.1" 200 84378
0:0:0:0:0:0:0:1 - - [27/Aug/2025:17:09:37 +0100] "GET /vendor/jquery-easing/jquery.easing.min.js HTTP/1.1" 200 2532
0:0:0:0:0:0:0:1 - - [27/Aug/2025:17:09:37 +0100] "GET /js/sb-admin-2.min.js HTTP/1.1" 200 1265
0:0:0:0:0:0:0:1 - - [27/Aug/2025:17:09:37 +0100] "GET /vendor/chart.js/chart.js HTTP/1.1" 200 443106
0:0:0:0:0:0:0:1 - - [27/Aug/2025:17:09:37 +0100] "GET /vendor/fontawesome-free/webfonts/fa-solid-900.woff2 HTTP/1.1" 200 78196
0:0:0:0:0:0:0:1 - - [27/Aug/2025:17:09:54 +0100] "POST /admin/savefiliere HTTP/1.1" 302 -
0:0:0:0:0:0:0:1 - - [27/Aug/2025:17:09:54 +0100] "GET /user/listefiliere HTTP/1.1" 200 17796
0:0:0:0:0:0:0:1 - - [27/Aug/2025:17:09:54 +0100] "GET /vendor/jquery/jquery.min.js HTTP/1.1" 200 89501
0:0:0:0:0:0:0:1 - - [27/Aug/2025:17:09:54 +0100] "GET /vendor/fontawesome-free/css/all.min.css HTTP/1.1" 200 59344
0:0:0:0:0:0:0:1 - - [27/Aug/2025:17:09:54 +0100] "GET /css/sb-admin-2.min.css HTTP/1.1" 200 170737
0:0:0:0:0:0:0:1 - - [27/Aug/2025:17:09:54 +0100] "GET /img/undraw_profile.svg HTTP/1.1" 200 2820
0:0:0:0:0:0:0:1 - - [27/Aug/2025:17:09:54 +0100] "GET /vendor/bootstrap/js/bootstrap.bundle.min.js HTTP/1.1" 200 84378
0:0:0:0:0:0:0:1 - - [27/Aug/2025:17:09:54 +0100] "GET /vendor/jquery-easing/jquery.easing.min.js HTTP/1.1" 200 2532
0:0:0:0:0:0:0:1 - - [27/Aug/2025:17:09:54 +0100] "GET /js/sb-admin-2.min.js HTTP/1.1" 200 1265
0:0:0:0:0:0:0:1 - - [27/Aug/2025:17:09:54 +0100] "GET /vendor/chart.js/chart.js HTTP/1.1" 200 443106
0:0:0:0:0:0:0:1 - - [27/Aug/2025:17:09:54 +0100] "GET /vendor/fontawesome-free/webfonts/fa-solid-900.woff2 HTTP/1.1" 200 78196
0:0:0:0:0:0:0:1 - - [27/Aug/2025:17:10:18 +0100] "GET /user/home HTTP/1.1" 200 17228
0:0:0:0:0:0:0:1 - - [27/Aug/2025:17:10:18 +0100] "GET /vendor/da2.js HTTP/1.1" 200 1733
0:0:0:0:0:0:0:1 - - [27/Aug/2025:17:10:18 +0100] "GET /vendor/jquery/jquery.min.js HTTP/1.1" 200 89501
0:0:0:0:0:0:0:1 - - [27/Aug/2025:17:10:18 +0100] "GET /vendor/fontawesome-free/css/all.min.css HTTP/1.1" 200 59344
0:0:0:0:0:0:0:1 - - [27/Aug/2025:17:10:18 +0100] "GET /css/sb-admin-2.min.css HTTP/1.1" 200 170737
0:0:0:0:0:0:0:1 - - [27/Aug/2025:17:10:18 +0100] "GET /img/undraw_profile.svg HTTP/1.1" 200 2820
0:0:0:0:0:0:0:1 - - [27/Aug/2025:17:10:18 +0100] "GET /vendor/jquery-easing/jquery.easing.min.js HTTP/1.1" 200 2532
0:0:0:0:0:0:0:1 - - [27/Aug/2025:17:10:18 +0100] "GET /vendor/bootstrap/js/bootstrap.bundle.min.js HTTP/1.1" 200 84378
0:0:0:0:0:0:0:1 - - [27/Aug/2025:17:10:18 +0100] "GET /js/sb-admin-2.min.js HTTP/1.1" 200 1265
0:0:0:0:0:0:0:1 - - [27/Aug/2025:17:10:18 +0100] "GET /vendor/chart.js/chart.js HTTP/1.1" 200 443106
0:0:0:0:0:0:0:1 - - [27/Aug/2025:17:10:18 +0100] "GET /vendor/fontawesome-free/webfonts/fa-solid-900.woff2 HTTP/1.1" 200 78196
0:0:0:0:0:0:0:1 - - [27/Aug/2025:17:10:33 +0100] "GET /admin/add-user HTTP/1.1" 200 15103
0:0:0:0:0:0:0:1 - - [27/Aug/2025:17:10:33 +0100] "GET /img/undraw_profile.svg HTTP/1.1" 200 2820
0:0:0:0:0:0:0:1 - - [27/Aug/2025:17:10:33 +0100] "GET /vendor/jquery/jquery.min.js HTTP/1.1" 200 89501
0:0:0:0:0:0:0:1 - - [27/Aug/2025:17:10:33 +0100] "GET /vendor/fontawesome-free/css/all.min.css HTTP/1.1" 200 59344
0:0:0:0:0:0:0:1 - - [27/Aug/2025:17:10:33 +0100] "GET /vendor/bootstrap/js/bootstrap.bundle.min.js HTTP/1.1" 200 84378
0:0:0:0:0:0:0:1 - - [27/Aug/2025:17:10:33 +0100] "GET /css/sb-admin-2.min.css HTTP/1.1" 200 170737
0:0:0:0:0:0:0:1 - - [27/Aug/2025:17:10:33 +0100] "GET /vendor/jquery-easing/jquery.easing.min.js HTTP/1.1" 200 2532
0:0:0:0:0:0:0:1 - - [27/Aug/2025:17:10:33 +0100] "GET /js/sb-admin-2.min.js HTTP/1.1" 200 1265
0:0:0:0:0:0:0:1 - - [27/Aug/2025:17:10:33 +0100] "GET /vendor/chart.js/chart.js HTTP/1.1" 200 443106
0:0:0:0:0:0:0:1 - - [27/Aug/2025:17:10:33 +0100] "GET /vendor/fontawesome-free/webfonts/fa-solid-900.woff2 HTTP/1.1" 200 78196
0:0:0:0:0:0:0:1 - - [27/Aug/2025:17:11:08 +0100] "POST /addUser HTTP/1.1" 200 15236
0:0:0:0:0:0:0:1 - - [27/Aug/2025:17:11:08 +0100] "GET /vendor/fontawesome-free/css/all.min.css HTTP/1.1" 200 59344
0:0:0:0:0:0:0:1 - - [27/Aug/2025:17:11:08 +0100] "GET /img/undraw_profile.svg HTTP/1.1" 200 2820
0:0:0:0:0:0:0:1 - - [27/Aug/2025:17:11:08 +0100] "GET /vendor/bootstrap/js/bootstrap.bundle.min.js HTTP/1.1" 200 84378
0:0:0:0:0:0:0:1 - - [27/Aug/2025:17:11:08 +0100] "GET /css/sb-admin-2.min.css HTTP/1.1" 200 170737
0:0:0:0:0:0:0:1 - - [27/Aug/2025:17:11:08 +0100] "GET /vendor/jquery-easing/jquery.easing.min.js HTTP/1.1" 200 2532
0:0:0:0:0:0:0:1 - - [27/Aug/2025:17:11:08 +0100] "GET /vendor/jquery/jquery.min.js HTTP/1.1" 200 89501
0:0:0:0:0:0:0:1 - - [27/Aug/2025:17:11:08 +0100] "GET /js/sb-admin-2.min.js HTTP/1.1" 200 1265
0:0:0:0:0:0:0:1 - - [27/Aug/2025:17:11:08 +0100] "GET /vendor/chart.js/chart.js HTTP/1.1" 200 443106
0:0:0:0:0:0:0:1 - - [27/Aug/2025:17:11:08 +0100] "GET /vendor/fontawesome-free/webfonts/fa-solid-900.woff2 HTTP/1.1" 200 78196
0:0:0:0:0:0:0:1 - - [27/Aug/2025:17:11:13 +0100] "POST /logout HTTP/1.1" 302 -
0:0:0:0:0:0:0:1 - - [27/Aug/2025:17:11:13 +0100] "GET /login?logout HTTP/1.1" 302 -
0:0:0:0:0:0:0:1 - - [27/Aug/2025:17:11:13 +0100] "GET /login HTTP/1.1" 200 6107
0:0:0:0:0:0:0:1 - - [27/Aug/2025:17:11:13 +0100] "GET /vendor/fontawesome-free/css/all.min.css HTTP/1.1" 200 59344
0:0:0:0:0:0:0:1 - - [27/Aug/2025:17:11:13 +0100] "GET /vendor/bootstrap/js/bootstrap.bundle.min.js HTTP/1.1" 200 84378
0:0:0:0:0:0:0:1 - - [27/Aug/2025:17:11:13 +0100] "GET /css/sb-admin-2.min.css HTTP/1.1" 200 170737
0:0:0:0:0:0:0:1 - - [27/Aug/2025:17:11:13 +0100] "GET /vendor/jquery-easing/jquery.easing.min.js HTTP/1.1" 200 2532
0:0:0:0:0:0:0:1 - - [27/Aug/2025:17:11:13 +0100] "GET /js/sb-admin-2.min.js HTTP/1.1" 200 1265
0:0:0:0:0:0:0:1 - - [27/Aug/2025:17:11:13 +0100] "GET /vendor/jquery/jquery.min.js HTTP/1.1" 200 89501
0:0:0:0:0:0:0:1 - - [27/Aug/2025:17:11:13 +0100] "GET /vendor/fontawesome-free/webfonts/fa-brands-400.woff2 HTTP/1.1" 200 76764
0:0:0:0:0:0:0:1 - - [27/Aug/2025:17:11:20 +0100] "POST /login HTTP/1.1" 302 -
0:0:0:0:0:0:0:1 - - [27/Aug/2025:17:11:20 +0100] "GET /login?logout&continue HTTP/1.1" 200 6107
0:0:0:0:0:0:0:1 - - [27/Aug/2025:17:11:20 +0100] "GET /vendor/fontawesome-free/css/all.min.css HTTP/1.1" 200 59344
0:0:0:0:0:0:0:1 - - [27/Aug/2025:17:11:20 +0100] "GET /vendor/jquery/jquery.min.js HTTP/1.1" 200 89501
0:0:0:0:0:0:0:1 - - [27/Aug/2025:17:11:20 +0100] "GET /vendor/bootstrap/js/bootstrap.bundle.min.js HTTP/1.1" 200 84378
0:0:0:0:0:0:0:1 - - [27/Aug/2025:17:11:20 +0100] "GET /css/sb-admin-2.min.css HTTP/1.1" 200 170737
0:0:0:0:0:0:0:1 - - [27/Aug/2025:17:11:20 +0100] "GET /vendor/jquery-easing/jquery.easing.min.js HTTP/1.1" 200 2532
0:0:0:0:0:0:0:1 - - [27/Aug/2025:17:11:20 +0100] "GET /js/sb-admin-2.min.js HTTP/1.1" 200 1265
0:0:0:0:0:0:0:1 - - [27/Aug/2025:17:11:20 +0100] "GET /vendor/fontawesome-free/webfonts/fa-brands-400.woff2 HTTP/1.1" 200 76764
0:0:0:0:0:0:0:1 - - [27/Aug/2025:17:11:25 +0100] "POST /login HTTP/1.1" 302 -
0:0:0:0:0:0:0:1 - - [27/Aug/2025:17:11:25 +0100] "GET / HTTP/1.1" 302 -
0:0:0:0:0:0:0:1 - - [27/Aug/2025:17:11:25 +0100] "GET /user/home HTTP/1.1" 200 17230
0:0:0:0:0:0:0:1 - - [27/Aug/2025:17:11:25 +0100] "GET /vendor/fontawesome-free/css/all.min.css HTTP/1.1" 200 59344
0:0:0:0:0:0:0:1 - - [27/Aug/2025:17:11:25 +0100] "GET /img/undraw_profile.svg HTTP/1.1" 200 2820
0:0:0:0:0:0:0:1 - - [27/Aug/2025:17:11:25 +0100] "GET /vendor/da2.js HTTP/1.1" 200 1733
0:0:0:0:0:0:0:1 - - [27/Aug/2025:17:11:25 +0100] "GET /css/sb-admin-2.min.css HTTP/1.1" 200 170737
0:0:0:0:0:0:0:1 - - [27/Aug/2025:17:11:25 +0100] "GET /vendor/jquery/jquery.min.js HTTP/1.1" 200 89501
0:0:0:0:0:0:0:1 - - [27/Aug/2025:17:11:25 +0100] "GET /vendor/bootstrap/js/bootstrap.bundle.min.js HTTP/1.1" 200 84378
0:0:0:0:0:0:0:1 - - [27/Aug/2025:17:11:25 +0100] "GET /js/sb-admin-2.min.js HTTP/1.1" 200 1265
0:0:0:0:0:0:0:1 - - [27/Aug/2025:17:11:25 +0100] "GET /vendor/jquery-easing/jquery.easing.min.js HTTP/1.1" 200 2532
0:0:0:0:0:0:0:1 - - [27/Aug/2025:17:11:25 +0100] "GET /vendor/chart.js/chart.js HTTP/1.1" 200 443106
0:0:0:0:0:0:0:1 - - [27/Aug/2025:17:11:25 +0100] "GET /vendor/fontawesome-free/webfonts/fa-solid-900.woff2 HTTP/1.1" 200 78196
