0:0:0:0:0:0:0:1 - - [25/Sep/2025:19:42:20 +0100] "GET / HTTP/1.1" 302 -
0:0:0:0:0:0:0:1 - - [25/Sep/2025:19:42:21 +0100] "GET /login HTTP/1.1" 200 6107
0:0:0:0:0:0:0:1 - - [25/Sep/2025:19:42:21 +0100] "GET /vendor/fontawesome-free/css/all.min.css HTTP/1.1" 200 59344
0:0:0:0:0:0:0:1 - - [25/Sep/2025:19:42:21 +0100] "GET /vendor/jquery/jquery.min.js HTTP/1.1" 200 89501
0:0:0:0:0:0:0:1 - - [25/Sep/2025:19:42:21 +0100] "GET /js/sb-admin-2.min.js HTTP/1.1" 200 1265
0:0:0:0:0:0:0:1 - - [25/Sep/2025:19:42:21 +0100] "GET /css/sb-admin-2.min.css HTTP/1.1" 200 170737
0:0:0:0:0:0:0:1 - - [25/Sep/2025:19:42:21 +0100] "GET /vendor/bootstrap/js/bootstrap.bundle.min.js HTTP/1.1" 200 84378
0:0:0:0:0:0:0:1 - - [25/Sep/2025:19:42:21 +0100] "GET /vendor/jquery-easing/jquery.easing.min.js HTTP/1.1" 200 2532
0:0:0:0:0:0:0:1 - - [25/Sep/2025:19:42:21 +0100] "GET /vendor/fontawesome-free/webfonts/fa-brands-400.woff2 HTTP/1.1" 200 76764
0:0:0:0:0:0:0:1 - - [25/Sep/2025:19:42:22 +0100] "GET /favicon.ico HTTP/1.1" 302 -
0:0:0:0:0:0:0:1 - - [25/Sep/2025:19:42:22 +0100] "GET /login HTTP/1.1" 200 6107
0:0:0:0:0:0:0:1 - - [25/Sep/2025:19:45:30 +0100] "GET / HTTP/1.1" 302 -
0:0:0:0:0:0:0:1 - - [25/Sep/2025:19:45:31 +0100] "GET /login HTTP/1.1" 200 6107
0:0:0:0:0:0:0:1 - - [25/Sep/2025:19:45:31 +0100] "GET /vendor/jquery-easing/jquery.easing.min.js HTTP/1.1" 200 2532
0:0:0:0:0:0:0:1 - - [25/Sep/2025:19:45:31 +0100] "GET /js/sb-admin-2.min.js HTTP/1.1" 200 1265
0:0:0:0:0:0:0:1 - - [25/Sep/2025:19:45:31 +0100] "GET /vendor/jquery/jquery.min.js HTTP/1.1" 200 89501
0:0:0:0:0:0:0:1 - - [25/Sep/2025:19:45:31 +0100] "GET /vendor/fontawesome-free/css/all.min.css HTTP/1.1" 200 59344
0:0:0:0:0:0:0:1 - - [25/Sep/2025:19:45:31 +0100] "GET /vendor/bootstrap/js/bootstrap.bundle.min.js HTTP/1.1" 200 84378
0:0:0:0:0:0:0:1 - - [25/Sep/2025:19:45:31 +0100] "GET /css/sb-admin-2.min.css HTTP/1.1" 200 170737
0:0:0:0:0:0:0:1 - - [25/Sep/2025:19:45:31 +0100] "GET /vendor/fontawesome-free/webfonts/fa-brands-400.woff2 HTTP/1.1" 200 76764
0:0:0:0:0:0:0:1 - - [25/Sep/2025:19:45:31 +0100] "GET /favicon.ico HTTP/1.1" 302 -
0:0:0:0:0:0:0:1 - - [25/Sep/2025:19:45:31 +0100] "GET /login HTTP/1.1" 200 6107
0:0:0:0:0:0:0:1 - - [25/Sep/2025:19:45:37 +0100] "GET /.well-known/appspecific/com.chrome.devtools.json HTTP/1.1" 302 -
0:0:0:0:0:0:0:1 - - [25/Sep/2025:19:45:37 +0100] "GET /vendor/fontawesome-free/css/all.min.css HTTP/1.1" 200 59344
0:0:0:0:0:0:0:1 - - [25/Sep/2025:19:45:37 +0100] "GET /css/sb-admin-2.min.css HTTP/1.1" 200 170737
0:0:0:0:0:0:0:1 - - [25/Sep/2025:19:45:37 +0100] "GET /login HTTP/1.1" 200 6107
0:0:0:0:0:0:0:1 - - [25/Sep/2025:19:45:38 +0100] "GET /vendor/bootstrap/js/bootstrap.bundle.min.js.map HTTP/1.1" 200 316181
0:0:0:0:0:0:0:1 - - [25/Sep/2025:19:46:06 +0100] "POST /login HTTP/1.1" 302 -
0:0:0:0:0:0:0:1 - - [25/Sep/2025:19:46:06 +0100] "GET /.well-known/appspecific/com.chrome.devtools.json?continue HTTP/1.1" 404 10217
0:0:0:0:0:0:0:1 - - [25/Sep/2025:19:46:06 +0100] "GET /.well-known/appspecific/com.chrome.devtools.json HTTP/1.1" 404 10331
0:0:0:0:0:0:0:1 - - [25/Sep/2025:19:46:06 +0100] "GET /favicon.ico HTTP/1.1" 404 10220
0:0:0:0:0:0:0:1 - - [25/Sep/2025:19:46:14 +0100] "GET /login HTTP/1.1" 200 6107
0:0:0:0:0:0:0:1 - - [25/Sep/2025:19:46:14 +0100] "GET /.well-known/appspecific/com.chrome.devtools.json HTTP/1.1" 404 10331
0:0:0:0:0:0:0:1 - - [25/Sep/2025:19:46:14 +0100] "GET /vendor/fontawesome-free/css/all.min.css HTTP/1.1" 200 59344
0:0:0:0:0:0:0:1 - - [25/Sep/2025:19:46:14 +0100] "GET /vendor/jquery-easing/jquery.easing.min.js HTTP/1.1" 200 2532
0:0:0:0:0:0:0:1 - - [25/Sep/2025:19:46:14 +0100] "GET /js/sb-admin-2.min.js HTTP/1.1" 200 1265
0:0:0:0:0:0:0:1 - - [25/Sep/2025:19:46:14 +0100] "GET /css/sb-admin-2.min.css HTTP/1.1" 200 170737
0:0:0:0:0:0:0:1 - - [25/Sep/2025:19:46:14 +0100] "GET /vendor/jquery/jquery.min.js HTTP/1.1" 200 89501
0:0:0:0:0:0:0:1 - - [25/Sep/2025:19:46:14 +0100] "GET /vendor/bootstrap/js/bootstrap.bundle.min.js HTTP/1.1" 200 84378
0:0:0:0:0:0:0:1 - - [25/Sep/2025:19:46:14 +0100] "GET /vendor/fontawesome-free/webfonts/fa-brands-400.woff2 HTTP/1.1" 200 76764
0:0:0:0:0:0:0:1 - - [25/Sep/2025:19:46:14 +0100] "GET /vendor/bootstrap/js/bootstrap.bundle.min.js.map HTTP/1.1" 200 316181
0:0:0:0:0:0:0:1 - - [25/Sep/2025:19:46:30 +0100] "POST /login HTTP/1.1" 302 -
0:0:0:0:0:0:0:1 - - [25/Sep/2025:19:46:30 +0100] "GET / HTTP/1.1" 302 -
0:0:0:0:0:0:0:1 - - [25/Sep/2025:19:46:32 +0100] "GET /user/home HTTP/1.1" 200 17110
0:0:0:0:0:0:0:1 - - [25/Sep/2025:19:46:32 +0100] "GET /.well-known/appspecific/com.chrome.devtools.json HTTP/1.1" 404 10331
0:0:0:0:0:0:0:1 - - [25/Sep/2025:19:46:32 +0100] "GET /vendor/fontawesome-free/css/all.min.css HTTP/1.1" 200 59344
0:0:0:0:0:0:0:1 - - [25/Sep/2025:19:46:32 +0100] "GET /css/sb-admin-2.min.css HTTP/1.1" 200 170737
0:0:0:0:0:0:0:1 - - [25/Sep/2025:19:46:32 +0100] "GET /vendor/jquery/jquery.min.js HTTP/1.1" 200 89501
0:0:0:0:0:0:0:1 - - [25/Sep/2025:19:46:32 +0100] "GET /img/undraw_profile.svg HTTP/1.1" 200 2820
0:0:0:0:0:0:0:1 - - [25/Sep/2025:19:46:32 +0100] "GET /vendor/da2.js HTTP/1.1" 200 1733
0:0:0:0:0:0:0:1 - - [25/Sep/2025:19:46:32 +0100] "GET /vendor/bootstrap/js/bootstrap.bundle.min.js HTTP/1.1" 200 84378
0:0:0:0:0:0:0:1 - - [25/Sep/2025:19:46:32 +0100] "GET /vendor/jquery-easing/jquery.easing.min.js HTTP/1.1" 200 2532
0:0:0:0:0:0:0:1 - - [25/Sep/2025:19:46:32 +0100] "GET /js/sb-admin-2.min.js HTTP/1.1" 200 1265
0:0:0:0:0:0:0:1 - - [25/Sep/2025:19:46:32 +0100] "GET /vendor/chart.js/chart.js HTTP/1.1" 200 443106
0:0:0:0:0:0:0:1 - - [25/Sep/2025:19:46:32 +0100] "GET /vendor/fontawesome-free/webfonts/fa-solid-900.woff2 HTTP/1.1" 200 78196
0:0:0:0:0:0:0:1 - - [25/Sep/2025:19:46:32 +0100] "GET /vendor/bootstrap/js/bootstrap.bundle.min.js.map HTTP/1.1" 200 316181
0:0:0:0:0:0:0:1 - - [25/Sep/2025:19:52:30 +0100] "GET /admin/nvetudiant HTTP/1.1" 200 14910
0:0:0:0:0:0:0:1 - - [25/Sep/2025:19:52:30 +0100] "GET /.well-known/appspecific/com.chrome.devtools.json HTTP/1.1" 404 10331
0:0:0:0:0:0:0:1 - - [25/Sep/2025:19:52:30 +0100] "GET /vendor/jquery-easing/jquery.easing.min.js HTTP/1.1" 200 2532
0:0:0:0:0:0:0:1 - - [25/Sep/2025:19:52:30 +0100] "GET /img/undraw_profile.svg HTTP/1.1" 200 2820
0:0:0:0:0:0:0:1 - - [25/Sep/2025:19:52:30 +0100] "GET /vendor/bootstrap/js/bootstrap.bundle.min.js HTTP/1.1" 200 84378
0:0:0:0:0:0:0:1 - - [25/Sep/2025:19:52:30 +0100] "GET /vendor/fontawesome-free/css/all.min.css HTTP/1.1" 200 59344
0:0:0:0:0:0:0:1 - - [25/Sep/2025:19:52:30 +0100] "GET /vendor/jquery/jquery.min.js HTTP/1.1" 200 89501
0:0:0:0:0:0:0:1 - - [25/Sep/2025:19:52:30 +0100] "GET /css/sb-admin-2.min.css HTTP/1.1" 200 170737
0:0:0:0:0:0:0:1 - - [25/Sep/2025:19:52:30 +0100] "GET /js/sb-admin-2.min.js HTTP/1.1" 200 1265
0:0:0:0:0:0:0:1 - - [25/Sep/2025:19:52:30 +0100] "GET /vendor/chart.js/chart.js HTTP/1.1" 200 443106
0:0:0:0:0:0:0:1 - - [25/Sep/2025:19:52:31 +0100] "GET /vendor/fontawesome-free/webfonts/fa-solid-900.woff2 HTTP/1.1" 200 78196
0:0:0:0:0:0:0:1 - - [25/Sep/2025:19:52:31 +0100] "GET /vendor/bootstrap/js/bootstrap.bundle.min.js.map HTTP/1.1" 200 316181
