2025-10-08T17:26:16.627+01:00  INFO 14352 --- [Gestion-ecole] [restartedMain] m.d.g.GestionEcoleApplication            : Starting GestionEcoleApplication using Java 17.0.9 with PID 14352 (C:\Users\HP1\IdeaProjects\Gestion-ecole\target\classes started by HP1 in C:\Users\HP1\IdeaProjects\Gestion-ecole)
2025-10-08T17:26:16.634+01:00 DEBUG 14352 --- [Gestion-ecole] [restartedMain] m.d.g.GestionEcoleApplication            : Running with Spring Boot v3.4.3, Spring v6.2.3
2025-10-08T17:26:16.635+01:00  INFO 14352 --- [Gestion-ecole] [restartedMain] m.d.g.GestionEcoleApplication            : No active profile set, falling back to 1 default profile: "default"
2025-10-08T17:26:17.069+01:00  INFO 14352 --- [Gestion-ecole] [restartedMain] .e.DevToolsPropertyDefaultsPostProcessor : Devtools property defaults active! Set 'spring.devtools.add-properties' to 'false' to disable
2025-10-08T17:26:17.070+01:00  INFO 14352 --- [Gestion-ecole] [restartedMain] .e.DevToolsPropertyDefaultsPostProcessor : For additional web related logging consider setting the 'logging.level.web' property to 'DEBUG'
2025-10-08T17:26:18.145+01:00  INFO 14352 --- [Gestion-ecole] [restartedMain] .s.d.r.c.RepositoryConfigurationDelegate : Bootstrapping Spring Data JPA repositories in DEFAULT mode.
2025-10-08T17:26:18.223+01:00  INFO 14352 --- [Gestion-ecole] [restartedMain] .s.d.r.c.RepositoryConfigurationDelegate : Finished Spring Data repository scanning in 67 ms. Found 4 JPA repository interfaces.
2025-10-08T17:26:19.025+01:00  INFO 14352 --- [Gestion-ecole] [restartedMain] o.s.b.w.embedded.tomcat.TomcatWebServer  : Tomcat initialized with port 8089 (http)
2025-10-08T17:26:19.045+01:00  INFO 14352 --- [Gestion-ecole] [restartedMain] o.apache.catalina.core.StandardService   : Starting service [Tomcat]
2025-10-08T17:26:19.046+01:00  INFO 14352 --- [Gestion-ecole] [restartedMain] o.apache.catalina.core.StandardEngine    : Starting Servlet engine: [Apache Tomcat/10.1.36]
2025-10-08T17:26:19.129+01:00  INFO 14352 --- [Gestion-ecole] [restartedMain] o.a.c.c.C.[Tomcat].[localhost].[/]       : Initializing Spring embedded WebApplicationContext
2025-10-08T17:26:19.131+01:00  INFO 14352 --- [Gestion-ecole] [restartedMain] w.s.c.ServletWebServerApplicationContext : Root WebApplicationContext: initialization completed in 2059 ms
2025-10-08T17:26:19.391+01:00  INFO 14352 --- [Gestion-ecole] [restartedMain] o.hibernate.jpa.internal.util.LogHelper  : HHH000204: Processing PersistenceUnitInfo [name: default]
2025-10-08T17:26:19.508+01:00  INFO 14352 --- [Gestion-ecole] [restartedMain] org.hibernate.Version                    : HHH000412: Hibernate ORM core version 6.6.8.Final
2025-10-08T17:26:19.556+01:00  INFO 14352 --- [Gestion-ecole] [restartedMain] o.h.c.internal.RegionFactoryInitiator    : HHH000026: Second-level cache disabled
2025-10-08T17:26:19.812+01:00  INFO 14352 --- [Gestion-ecole] [restartedMain] o.s.o.j.p.SpringPersistenceUnitInfo      : No LoadTimeWeaver setup: ignoring JPA class transformer
2025-10-08T17:26:19.838+01:00  INFO 14352 --- [Gestion-ecole] [restartedMain] com.zaxxer.hikari.HikariDataSource       : HikariPool-1 - Starting...
2025-10-08T17:26:20.055+01:00  INFO 14352 --- [Gestion-ecole] [restartedMain] com.zaxxer.hikari.pool.HikariPool        : HikariPool-1 - Added connection com.mysql.cj.jdbc.ConnectionImpl@3039f8da
2025-10-08T17:26:20.057+01:00  INFO 14352 --- [Gestion-ecole] [restartedMain] com.zaxxer.hikari.HikariDataSource       : HikariPool-1 - Start completed.
2025-10-08T17:26:20.119+01:00  WARN 14352 --- [Gestion-ecole] [restartedMain] org.hibernate.dialect.Dialect            : HHH000511: The 5.5.5 version for [org.hibernate.dialect.MySQLDialect] is no longer supported, hence certain features may not work properly. The minimum supported version is 8.0.0. Check the community dialects project for available legacy versions.
2025-10-08T17:26:20.139+01:00  INFO 14352 --- [Gestion-ecole] [restartedMain] org.hibernate.orm.connections.pooling    : HHH10001005: Database info:
	Database JDBC URL [Connecting through datasource 'HikariDataSource (HikariPool-1)']
	Database driver: undefined/unknown
	Database version: 5.5.5
	Autocommit mode: undefined/unknown
	Isolation level: undefined/unknown
	Minimum pool size: undefined/unknown
	Maximum pool size: undefined/unknown
2025-10-08T17:26:20.929+01:00  INFO 14352 --- [Gestion-ecole] [restartedMain] o.h.e.t.j.p.i.JtaPlatformInitiator       : HHH000489: No JTA platform available (set 'hibernate.transaction.jta.platform' to enable JTA platform integration)
2025-10-08T17:26:21.380+01:00  INFO 14352 --- [Gestion-ecole] [restartedMain] j.LocalContainerEntityManagerFactoryBean : Initialized JPA EntityManagerFactory for persistence unit 'default'
2025-10-08T17:26:21.691+01:00  INFO 14352 --- [Gestion-ecole] [restartedMain] o.s.d.j.r.query.QueryEnhancerFactory     : Hibernate is in classpath; If applicable, HQL parser will be used.
2025-10-08T17:26:22.236+01:00  WARN 14352 --- [Gestion-ecole] [restartedMain] JpaBaseConfiguration$JpaWebConfiguration : spring.jpa.open-in-view is enabled by default. Therefore, database queries may be performed during view rendering. Explicitly configure spring.jpa.open-in-view to disable this warning
2025-10-08T17:26:22.265+01:00  INFO 14352 --- [Gestion-ecole] [restartedMain] r$InitializeUserDetailsManagerConfigurer : Global AuthenticationManager configured with UserDetailsService bean with name userDetailsServiceImpl
2025-10-08T17:26:23.568+01:00  INFO 14352 --- [Gestion-ecole] [restartedMain] o.s.b.d.a.OptionalLiveReloadServer       : LiveReload server is running on port 35729
2025-10-08T17:26:23.598+01:00  INFO 14352 --- [Gestion-ecole] [restartedMain] o.s.b.w.embedded.tomcat.TomcatWebServer  : Tomcat started on port 8089 (http) with context path '/'
2025-10-08T17:26:23.603+01:00  INFO 14352 --- [Gestion-ecole] [restartedMain] m.d.g.GestionEcoleApplication            : Started GestionEcoleApplication in 7.614 seconds (process running for 8.956)
2025-10-08T17:44:12.508+01:00  INFO 14352 --- [Gestion-ecole] [http-nio-8089-exec-1] o.a.c.c.C.[Tomcat].[localhost].[/]       : Initializing Spring DispatcherServlet 'dispatcherServlet'
2025-10-08T17:44:12.523+01:00  INFO 14352 --- [Gestion-ecole] [http-nio-8089-exec-1] o.s.web.servlet.DispatcherServlet        : Initializing Servlet 'dispatcherServlet'
2025-10-08T17:44:12.613+01:00  INFO 14352 --- [Gestion-ecole] [http-nio-8089-exec-1] o.s.web.servlet.DispatcherServlet        : Completed initialization in 88 ms
2025-10-08T17:56:07.134+01:00  INFO 14352 --- [Gestion-ecole] [SpringApplicationShutdownHook] o.s.b.w.e.tomcat.GracefulShutdown        : Commencing graceful shutdown. Waiting for active requests to complete
2025-10-08T17:56:07.526+01:00  INFO 14352 --- [Gestion-ecole] [tomcat-shutdown] o.s.b.w.e.tomcat.GracefulShutdown        : Graceful shutdown complete
2025-10-08T17:56:07.536+01:00  INFO 14352 --- [Gestion-ecole] [SpringApplicationShutdownHook] j.LocalContainerEntityManagerFactoryBean : Closing JPA EntityManagerFactory for persistence unit 'default'
2025-10-08T17:56:07.546+01:00  INFO 14352 --- [Gestion-ecole] [SpringApplicationShutdownHook] com.zaxxer.hikari.HikariDataSource       : HikariPool-1 - Shutdown initiated...
2025-10-08T17:56:07.551+01:00  INFO 14352 --- [Gestion-ecole] [SpringApplicationShutdownHook] com.zaxxer.hikari.HikariDataSource       : HikariPool-1 - Shutdown completed.
